#
# There is insufficient memory for the Java Runtime Environment to continue.
# Native memory allocation (malloc) failed to allocate 1404656 bytes for Chunk::new
# Possible reasons:
#   The system is out of physical RAM or swap space
#   The process is running with CompressedOops enabled, and the Java Heap may be blocking the growth of the native heap
# Possible solutions:
#   Reduce memory load on the system
#   Increase physical memory or swap space
#   Check if swap backing store is full
#   Decrease Java heap size (-Xmx/-Xms)
#   Decrease number of Java threads
#   Decrease Java thread stack sizes (-Xss)
#   Set larger code cache with -XX:ReservedCodeCacheSize=
#   JVM is running with Zero Based Compressed Oops mode in which the Java heap is
#     placed in the first 32GB address space. The Java Heap base address is the
#     maximum limit for the native heap growth. Please use -XX:HeapBaseMinAddress
#     to set the Java Heap base and to place the Java Heap above 32GB virtual address.
# This output file may be truncated or incomplete.
#
#  Out of Memory Error (arena.cpp:168), pid=23356, tid=3160
#
# JRE version: OpenJDK Runtime Environment (21.0.2+13) (build 21.0.2+13-58)
# Java VM: OpenJDK 64-Bit Server VM (21.0.2+13-58, mixed mode, sharing, tiered, compressed oops, compressed class ptrs, g1 gc, windows-amd64)
# No core dump will be written. Minidumps are not enabled by default on client versions of Windows
#

---------------  S U M M A R Y ------------

Command Line: --module-path=C:\Java\javafx-sdk-22.0.1\lib --add-modules=javafx.controls,javafx.fxml -javaagent:C:\Program Files\JetBrains\IntelliJ IDEA Community Edition 2022.3.3\lib\idea_rt.jar=62472:C:\Program Files\JetBrains\IntelliJ IDEA Community Edition 2022.3.3\bin -Dfile.encoding=UTF-8 -Dsun.stdout.encoding=UTF-8 -Dsun.stderr.encoding=UTF-8 App

Host: AMD Ryzen 5 5600H with Radeon Graphics         , 12 cores, 13G,  Windows 11 , 64 bit Build 22621 (10.0.22621.3527)
Time: Thu May  9 17:06:46 2024 SE Asia Standard Time elapsed time: 1.683944 seconds (0d 0h 0m 1s)

---------------  T H R E A D  ---------------

Current thread (0x000001ecd5564b10):  JavaThread "C2 CompilerThread0" daemon [_thread_in_native, id=3160, stack(0x000000e7a0500000,0x000000e7a0600000) (1024K)]


Current CompileTask:
C2:   1684 2152       4       java.lang.invoke.MethodType::makeImpl (109 bytes)

Stack: [0x000000e7a0500000,0x000000e7a0600000]
Native frames: (J=compiled Java code, j=interpreted, Vv=VM code, C=native code)
V  [jvm.dll+0x6cade9]
V  [jvm.dll+0x8569c1]
V  [jvm.dll+0x858d2e]
V  [jvm.dll+0x859413]
V  [jvm.dll+0x280e56]
V  [jvm.dll+0xc3f3d]
V  [jvm.dll+0xc4473]
V  [jvm.dll+0x3b5bf2]
V  [jvm.dll+0x382855]
V  [jvm.dll+0x381cca]
V  [jvm.dll+0x249bd0]
V  [jvm.dll+0x2491b1]
V  [jvm.dll+0x1c9634]
V  [jvm.dll+0x258859]
V  [jvm.dll+0x256e3a]
V  [jvm.dll+0x3ef6c6]
V  [jvm.dll+0x7ff568]
V  [jvm.dll+0x6c953d]
C  [ucrtbase.dll+0x29333]
C  [KERNEL32.DLL+0x1257d]
C  [ntdll.dll+0x5aa48]


---------------  P R O C E S S  ---------------

Threads class SMR info:
_java_thread_list=0x000001ed1c1319a0, length=30, elements={
0x000001ecb47d6c50, 0x000001ecd5547aa0, 0x000001ecd5548b70, 0x000001ecd5553590,
0x000001ecd5556100, 0x000001ecd5559000, 0x000001ecd555ad50, 0x000001ecd5564b10,
0x000001ecd55694c0, 0x000001ecd5772e50, 0x000001ecd59c87b0, 0x000001ecd5a82730,
0x000001ecd58016f0, 0x000001ed1bdf6460, 0x000001ed1c2b1cd0, 0x000001ed1c2b25d0,
0x000001ed1c464080, 0x000001ed1bf0c120, 0x000001ed1c1502f0, 0x000001ed1c791820,
0x000001ed1c7afb00, 0x000001ed1c7ada30, 0x000001ed1c7ae0c0, 0x000001ed1c7ac680,
0x000001ed1c7ae750, 0x000001ed1c7acd10, 0x000001ed1c7ad3a0, 0x000001ed1c7aede0,
0x000001ed1c7af470, 0x000001ed1c1a7e70
}

Java Threads: ( => current thread )
  0x000001ecb47d6c50 JavaThread "main"                              [_thread_blocked, id=30376, stack(0x000000e79f700000,0x000000e79f800000) (1024K)]
  0x000001ecd5547aa0 JavaThread "Reference Handler"          daemon [_thread_blocked, id=30620, stack(0x000000e79ff00000,0x000000e7a0000000) (1024K)]
  0x000001ecd5548b70 JavaThread "Finalizer"                  daemon [_thread_blocked, id=10792, stack(0x000000e7a0000000,0x000000e7a0100000) (1024K)]
  0x000001ecd5553590 JavaThread "Signal Dispatcher"          daemon [_thread_blocked, id=31896, stack(0x000000e7a0100000,0x000000e7a0200000) (1024K)]
  0x000001ecd5556100 JavaThread "Attach Listener"            daemon [_thread_blocked, id=9400, stack(0x000000e7a0200000,0x000000e7a0300000) (1024K)]
  0x000001ecd5559000 JavaThread "Service Thread"             daemon [_thread_blocked, id=8788, stack(0x000000e7a0300000,0x000000e7a0400000) (1024K)]
  0x000001ecd555ad50 JavaThread "Monitor Deflation Thread"   daemon [_thread_blocked, id=16076, stack(0x000000e7a0400000,0x000000e7a0500000) (1024K)]
=>0x000001ecd5564b10 JavaThread "C2 CompilerThread0"         daemon [_thread_in_native, id=3160, stack(0x000000e7a0500000,0x000000e7a0600000) (1024K)]
  0x000001ecd55694c0 JavaThread "C1 CompilerThread0"         daemon [_thread_blocked, id=25988, stack(0x000000e7a0600000,0x000000e7a0700000) (1024K)]
  0x000001ecd5772e50 JavaThread "Common-Cleaner"             daemon [_thread_blocked, id=33780, stack(0x000000e7a0700000,0x000000e7a0800000) (1024K)]
  0x000001ecd59c87b0 JavaThread "C2 CompilerThread1"         daemon [_thread_blocked, id=28900, stack(0x000000e7a0900000,0x000000e7a0a00000) (1024K)]
  0x000001ecd5a82730 JavaThread "Monitor Ctrl-Break"         daemon [_thread_in_native, id=29320, stack(0x000000e7a0b00000,0x000000e7a0c00000) (1024K)]
  0x000001ecd58016f0 JavaThread "Notification Thread"        daemon [_thread_blocked, id=32464, stack(0x000000e7a0c00000,0x000000e7a0d00000) (1024K)]
  0x000001ed1bdf6460 JavaThread "QuantumRenderer-0"          daemon [_thread_blocked, id=24716, stack(0x000000e7a0d00000,0x000000e7a0e00000) (1024K)]
  0x000001ed1c2b1cd0 JavaThread "InvokeLaterDispatcher"      daemon [_thread_blocked, id=26912, stack(0x000000e7a1000000,0x000000e7a1100000) (1024K)]
  0x000001ed1c2b25d0 JavaThread "JavaFX Application Thread"         [_thread_in_Java, id=29296, stack(0x000000e7a1100000,0x000000e7a1200000) (1024K)]
  0x000001ed1c464080 JavaThread "JavaFX-Launcher"                   [_thread_blocked, id=32852, stack(0x000000e7a1b00000,0x000000e7a1c00000) (1024K)]
  0x000001ed1bf0c120 JavaThread "Thread-2"                   daemon [_thread_in_native, id=32860, stack(0x000000e7a1a00000,0x000000e7a1b00000) (1024K)]
  0x000001ed1c1502f0 JavaThread "Prism Font Disposer"        daemon [_thread_blocked, id=24464, stack(0x000000e7a2100000,0x000000e7a2200000) (1024K)]
  0x000001ed1c791820 JavaThread "ForkJoinPool.commonPool-worker-1" daemon [_thread_blocked, id=32764, stack(0x000000e7a2400000,0x000000e7a2500000) (1024K)]
  0x000001ed1c7afb00 JavaThread "ForkJoinPool.commonPool-worker-2" daemon [_thread_blocked, id=22860, stack(0x000000e7a2500000,0x000000e7a2600000) (1024K)]
  0x000001ed1c7ada30 JavaThread "ForkJoinPool.commonPool-worker-3" daemon [_thread_blocked, id=33216, stack(0x000000e7a2600000,0x000000e7a2700000) (1024K)]
  0x000001ed1c7ae0c0 JavaThread "ForkJoinPool.commonPool-worker-4" daemon [_thread_blocked, id=10560, stack(0x000000e7a2700000,0x000000e7a2800000) (1024K)]
  0x000001ed1c7ac680 JavaThread "ForkJoinPool.commonPool-worker-5" daemon [_thread_blocked, id=33016, stack(0x000000e7a2800000,0x000000e7a2900000) (1024K)]
  0x000001ed1c7ae750 JavaThread "ForkJoinPool.commonPool-worker-6" daemon [_thread_blocked, id=3368, stack(0x000000e7a2900000,0x000000e7a2a00000) (1024K)]
  0x000001ed1c7acd10 JavaThread "ForkJoinPool.commonPool-worker-7" daemon [_thread_blocked, id=32784, stack(0x000000e7a2a00000,0x000000e7a2b00000) (1024K)]
  0x000001ed1c7ad3a0 JavaThread "ForkJoinPool.commonPool-worker-8" daemon [_thread_blocked, id=17052, stack(0x000000e7a2b00000,0x000000e7a2c00000) (1024K)]
  0x000001ed1c7aede0 JavaThread "ForkJoinPool.commonPool-worker-11" daemon [_thread_blocked, id=21904, stack(0x000000e7a2c00000,0x000000e7a2d00000) (1024K)]
  0x000001ed1c7af470 JavaThread "ForkJoinPool.commonPool-worker-9" daemon [_thread_blocked, id=15808, stack(0x000000e7a2d00000,0x000000e7a2e00000) (1024K)]
  0x000001ed1c1a7e70 JavaThread "ForkJoinPool.commonPool-worker-10" daemon [_thread_blocked, id=4208, stack(0x000000e7a2e00000,0x000000e7a2f00000) (1024K)]
Total: 30

Other Threads:
  0x000001ecd552ed40 VMThread "VM Thread"                           [id=25108, stack(0x000000e79fe00000,0x000000e79ff00000) (1024K)]
  0x000001ecd5512630 WatcherThread "VM Periodic Task Thread"        [id=19844, stack(0x000000e79fd00000,0x000000e79fe00000) (1024K)]
  0x000001ecb4aabf00 WorkerThread "GC Thread#0"                     [id=15736, stack(0x000000e79f800000,0x000000e79f900000) (1024K)]
  0x000001ed1bf0c790 WorkerThread "GC Thread#1"                     [id=27884, stack(0x000000e7a1c00000,0x000000e7a1d00000) (1024K)]
  0x000001ed1bf0cb30 WorkerThread "GC Thread#2"                     [id=27888, stack(0x000000e7a1d00000,0x000000e7a1e00000) (1024K)]
  0x000001ed1bf0ced0 WorkerThread "GC Thread#3"                     [id=32844, stack(0x000000e7a1e00000,0x000000e7a1f00000) (1024K)]
  0x000001ed1bef5740 WorkerThread "GC Thread#4"                     [id=32848, stack(0x000000e7a1f00000,0x000000e7a2000000) (1024K)]
  0x000001ed1bef5ae0 WorkerThread "GC Thread#5"                     [id=32840, stack(0x000000e7a2000000,0x000000e7a2100000) (1024K)]
  0x000001ed1c7df850 WorkerThread "GC Thread#6"                     [id=30740, stack(0x000000e7a0a00000,0x000000e7a0b00000) (1024K)]
  0x000001ed1c1937b0 WorkerThread "GC Thread#7"                     [id=26992, stack(0x000000e7a2200000,0x000000e7a2300000) (1024K)]
  0x000001ed1c149ee0 WorkerThread "GC Thread#8"                     [id=17528, stack(0x000000e7a2300000,0x000000e7a2400000) (1024K)]
  0x000001ecb4abbe60 ConcurrentGCThread "G1 Main Marker"            [id=28452, stack(0x000000e79f900000,0x000000e79fa00000) (1024K)]
  0x000001ecb4abd100 WorkerThread "G1 Conc#0"                       [id=33640, stack(0x000000e79fa00000,0x000000e79fb00000) (1024K)]
  0x000001ecb4b0e6c0 ConcurrentGCThread "G1 Refine#0"               [id=31024, stack(0x000000e79fb00000,0x000000e79fc00000) (1024K)]
  0x000001ecd53e5760 ConcurrentGCThread "G1 Service"                [id=4960, stack(0x000000e79fc00000,0x000000e79fd00000) (1024K)]
Total: 15

Threads with active compile tasks:
C2 CompilerThread0     1717 2152       4       java.lang.invoke.MethodType::makeImpl (109 bytes)
C1 CompilerThread0     1717 2341       3       java.lang.Math::min (46 bytes)
Total: 2

VM state: not at safepoint (normal execution)

VM Mutex/Monitor currently owned by a thread: None

Heap address: 0x0000000722400000, size: 3548 MB, Compressed Oops mode: Zero based, Oop shift amount: 3

CDS archive(s) mapped at: [0x000001ecd6000000-0x000001ecd6c90000-0x000001ecd6c90000), size 13172736, SharedBaseAddress: 0x000001ecd6000000, ArchiveRelocationMode: 1.
Compressed class space mapped at: 0x000001ecd7000000-0x000001ed17000000, reserved size: 1073741824
Narrow klass base: 0x000001ecd6000000, Narrow klass shift: 0, Narrow klass range: 0x100000000

GC Precious Log:
 CardTable entry size: 512
 Card Set container configuration: InlinePtr #cards 4 size 8 Array Of Cards #cards 16 size 48 Howl #buckets 8 coarsen threshold 3686 Howl Bitmap #cards 512 size 80 coarsen threshold 460 Card regions per heap region 1 cards per card region 4096
 CPUs: 12 total, 12 available
 Memory: 14188M
 Large Page Support: Disabled
 NUMA Support: Disabled
 Compressed Oops: Enabled (Zero based)
 Heap Region Size: 2M
 Heap Min Capacity: 8M
 Heap Initial Capacity: 222M
 Heap Max Capacity: 3548M
 Pre-touch: Disabled
 Parallel Workers: 10
 Concurrent Workers: 3
 Concurrent Refinement Workers: 10
 Periodic GC: Disabled

Heap:
 garbage-first heap   total 227328K, used 36733K [0x0000000722400000, 0x0000000800000000)
  region size 2048K, 18 young (36864K), 3 survivors (6144K)
 Metaspace       used 15406K, committed 15744K, reserved 1114112K
  class space    used 2451K, committed 2624K, reserved 1048576K

Heap Regions: E=young(eden), S=young(survivor), O=old, HS=humongous(starts), HC=humongous(continues), CS=collection set, F=free, TAMS=top-at-mark-start, PB=parsable bottom
|   0|0x0000000722400000, 0x0000000722600000, 0x0000000722600000|100%| O|  |TAMS 0x0000000722400000| PB 0x0000000722400000| Untracked 
|   1|0x0000000722600000, 0x00000007227861f8, 0x0000000722800000| 76%| O|  |TAMS 0x0000000722600000| PB 0x0000000722600000| Untracked 
|   2|0x0000000722800000, 0x0000000722800000, 0x0000000722a00000|  0%| F|  |TAMS 0x0000000722800000| PB 0x0000000722800000| Untracked 
|   3|0x0000000722a00000, 0x0000000722a00000, 0x0000000722c00000|  0%| F|  |TAMS 0x0000000722a00000| PB 0x0000000722a00000| Untracked 
|   4|0x0000000722c00000, 0x0000000722c00000, 0x0000000722e00000|  0%| F|  |TAMS 0x0000000722c00000| PB 0x0000000722c00000| Untracked 
|   5|0x0000000722e00000, 0x0000000722e00000, 0x0000000723000000|  0%| F|  |TAMS 0x0000000722e00000| PB 0x0000000722e00000| Untracked 
|   6|0x0000000723000000, 0x0000000723000000, 0x0000000723200000|  0%| F|  |TAMS 0x0000000723000000| PB 0x0000000723000000| Untracked 
|   7|0x0000000723200000, 0x0000000723200000, 0x0000000723400000|  0%| F|  |TAMS 0x0000000723200000| PB 0x0000000723200000| Untracked 
|   8|0x0000000723400000, 0x0000000723400000, 0x0000000723600000|  0%| F|  |TAMS 0x0000000723400000| PB 0x0000000723400000| Untracked 
|   9|0x0000000723600000, 0x0000000723600000, 0x0000000723800000|  0%| F|  |TAMS 0x0000000723600000| PB 0x0000000723600000| Untracked 
|  10|0x0000000723800000, 0x0000000723800000, 0x0000000723a00000|  0%| F|  |TAMS 0x0000000723800000| PB 0x0000000723800000| Untracked 
|  11|0x0000000723a00000, 0x0000000723a00000, 0x0000000723c00000|  0%| F|  |TAMS 0x0000000723a00000| PB 0x0000000723a00000| Untracked 
|  12|0x0000000723c00000, 0x0000000723c00000, 0x0000000723e00000|  0%| F|  |TAMS 0x0000000723c00000| PB 0x0000000723c00000| Untracked 
|  13|0x0000000723e00000, 0x0000000723e00000, 0x0000000724000000|  0%| F|  |TAMS 0x0000000723e00000| PB 0x0000000723e00000| Untracked 
|  14|0x0000000724000000, 0x0000000724000000, 0x0000000724200000|  0%| F|  |TAMS 0x0000000724000000| PB 0x0000000724000000| Untracked 
|  15|0x0000000724200000, 0x0000000724200000, 0x0000000724400000|  0%| F|  |TAMS 0x0000000724200000| PB 0x0000000724200000| Untracked 
|  16|0x0000000724400000, 0x0000000724400000, 0x0000000724600000|  0%| F|  |TAMS 0x0000000724400000| PB 0x0000000724400000| Untracked 
|  17|0x0000000724600000, 0x0000000724600000, 0x0000000724800000|  0%| F|  |TAMS 0x0000000724600000| PB 0x0000000724600000| Untracked 
|  18|0x0000000724800000, 0x0000000724800000, 0x0000000724a00000|  0%| F|  |TAMS 0x0000000724800000| PB 0x0000000724800000| Untracked 
|  19|0x0000000724a00000, 0x0000000724a00000, 0x0000000724c00000|  0%| F|  |TAMS 0x0000000724a00000| PB 0x0000000724a00000| Untracked 
|  20|0x0000000724c00000, 0x0000000724c00000, 0x0000000724e00000|  0%| F|  |TAMS 0x0000000724c00000| PB 0x0000000724c00000| Untracked 
|  21|0x0000000724e00000, 0x0000000724e00000, 0x0000000725000000|  0%| F|  |TAMS 0x0000000724e00000| PB 0x0000000724e00000| Untracked 
|  22|0x0000000725000000, 0x0000000725000000, 0x0000000725200000|  0%| F|  |TAMS 0x0000000725000000| PB 0x0000000725000000| Untracked 
|  23|0x0000000725200000, 0x0000000725200000, 0x0000000725400000|  0%| F|  |TAMS 0x0000000725200000| PB 0x0000000725200000| Untracked 
|  24|0x0000000725400000, 0x0000000725400000, 0x0000000725600000|  0%| F|  |TAMS 0x0000000725400000| PB 0x0000000725400000| Untracked 
|  25|0x0000000725600000, 0x0000000725600000, 0x0000000725800000|  0%| F|  |TAMS 0x0000000725600000| PB 0x0000000725600000| Untracked 
|  26|0x0000000725800000, 0x0000000725800000, 0x0000000725a00000|  0%| F|  |TAMS 0x0000000725800000| PB 0x0000000725800000| Untracked 
|  27|0x0000000725a00000, 0x0000000725a00000, 0x0000000725c00000|  0%| F|  |TAMS 0x0000000725a00000| PB 0x0000000725a00000| Untracked 
|  28|0x0000000725c00000, 0x0000000725c00000, 0x0000000725e00000|  0%| F|  |TAMS 0x0000000725c00000| PB 0x0000000725c00000| Untracked 
|  29|0x0000000725e00000, 0x0000000725e00000, 0x0000000726000000|  0%| F|  |TAMS 0x0000000725e00000| PB 0x0000000725e00000| Untracked 
|  30|0x0000000726000000, 0x0000000726000000, 0x0000000726200000|  0%| F|  |TAMS 0x0000000726000000| PB 0x0000000726000000| Untracked 
|  31|0x0000000726200000, 0x0000000726200000, 0x0000000726400000|  0%| F|  |TAMS 0x0000000726200000| PB 0x0000000726200000| Untracked 
|  32|0x0000000726400000, 0x0000000726400000, 0x0000000726600000|  0%| F|  |TAMS 0x0000000726400000| PB 0x0000000726400000| Untracked 
|  33|0x0000000726600000, 0x0000000726600000, 0x0000000726800000|  0%| F|  |TAMS 0x0000000726600000| PB 0x0000000726600000| Untracked 
|  34|0x0000000726800000, 0x0000000726800000, 0x0000000726a00000|  0%| F|  |TAMS 0x0000000726800000| PB 0x0000000726800000| Untracked 
|  35|0x0000000726a00000, 0x0000000726a00000, 0x0000000726c00000|  0%| F|  |TAMS 0x0000000726a00000| PB 0x0000000726a00000| Untracked 
|  36|0x0000000726c00000, 0x0000000726c00000, 0x0000000726e00000|  0%| F|  |TAMS 0x0000000726c00000| PB 0x0000000726c00000| Untracked 
|  37|0x0000000726e00000, 0x0000000726e00000, 0x0000000727000000|  0%| F|  |TAMS 0x0000000726e00000| PB 0x0000000726e00000| Untracked 
|  38|0x0000000727000000, 0x0000000727000000, 0x0000000727200000|  0%| F|  |TAMS 0x0000000727000000| PB 0x0000000727000000| Untracked 
|  39|0x0000000727200000, 0x0000000727200000, 0x0000000727400000|  0%| F|  |TAMS 0x0000000727200000| PB 0x0000000727200000| Untracked 
|  40|0x0000000727400000, 0x0000000727400000, 0x0000000727600000|  0%| F|  |TAMS 0x0000000727400000| PB 0x0000000727400000| Untracked 
|  41|0x0000000727600000, 0x0000000727600000, 0x0000000727800000|  0%| F|  |TAMS 0x0000000727600000| PB 0x0000000727600000| Untracked 
|  42|0x0000000727800000, 0x0000000727800000, 0x0000000727a00000|  0%| F|  |TAMS 0x0000000727800000| PB 0x0000000727800000| Untracked 
|  43|0x0000000727a00000, 0x0000000727a00000, 0x0000000727c00000|  0%| F|  |TAMS 0x0000000727a00000| PB 0x0000000727a00000| Untracked 
|  44|0x0000000727c00000, 0x0000000727c00000, 0x0000000727e00000|  0%| F|  |TAMS 0x0000000727c00000| PB 0x0000000727c00000| Untracked 
|  45|0x0000000727e00000, 0x0000000727e00000, 0x0000000728000000|  0%| F|  |TAMS 0x0000000727e00000| PB 0x0000000727e00000| Untracked 
|  46|0x0000000728000000, 0x0000000728000000, 0x0000000728200000|  0%| F|  |TAMS 0x0000000728000000| PB 0x0000000728000000| Untracked 
|  47|0x0000000728200000, 0x0000000728200000, 0x0000000728400000|  0%| F|  |TAMS 0x0000000728200000| PB 0x0000000728200000| Untracked 
|  48|0x0000000728400000, 0x0000000728400000, 0x0000000728600000|  0%| F|  |TAMS 0x0000000728400000| PB 0x0000000728400000| Untracked 
|  49|0x0000000728600000, 0x0000000728600000, 0x0000000728800000|  0%| F|  |TAMS 0x0000000728600000| PB 0x0000000728600000| Untracked 
|  50|0x0000000728800000, 0x0000000728800000, 0x0000000728a00000|  0%| F|  |TAMS 0x0000000728800000| PB 0x0000000728800000| Untracked 
|  51|0x0000000728a00000, 0x0000000728a00000, 0x0000000728c00000|  0%| F|  |TAMS 0x0000000728a00000| PB 0x0000000728a00000| Untracked 
|  52|0x0000000728c00000, 0x0000000728c00000, 0x0000000728e00000|  0%| F|  |TAMS 0x0000000728c00000| PB 0x0000000728c00000| Untracked 
|  53|0x0000000728e00000, 0x0000000728e00000, 0x0000000729000000|  0%| F|  |TAMS 0x0000000728e00000| PB 0x0000000728e00000| Untracked 
|  54|0x0000000729000000, 0x0000000729000000, 0x0000000729200000|  0%| F|  |TAMS 0x0000000729000000| PB 0x0000000729000000| Untracked 
|  55|0x0000000729200000, 0x0000000729200000, 0x0000000729400000|  0%| F|  |TAMS 0x0000000729200000| PB 0x0000000729200000| Untracked 
|  56|0x0000000729400000, 0x0000000729400000, 0x0000000729600000|  0%| F|  |TAMS 0x0000000729400000| PB 0x0000000729400000| Untracked 
|  57|0x0000000729600000, 0x0000000729600000, 0x0000000729800000|  0%| F|  |TAMS 0x0000000729600000| PB 0x0000000729600000| Untracked 
|  58|0x0000000729800000, 0x0000000729800000, 0x0000000729a00000|  0%| F|  |TAMS 0x0000000729800000| PB 0x0000000729800000| Untracked 
|  59|0x0000000729a00000, 0x0000000729a00000, 0x0000000729c00000|  0%| F|  |TAMS 0x0000000729a00000| PB 0x0000000729a00000| Untracked 
|  60|0x0000000729c00000, 0x0000000729c00000, 0x0000000729e00000|  0%| F|  |TAMS 0x0000000729c00000| PB 0x0000000729c00000| Untracked 
|  61|0x0000000729e00000, 0x0000000729e00000, 0x000000072a000000|  0%| F|  |TAMS 0x0000000729e00000| PB 0x0000000729e00000| Untracked 
|  62|0x000000072a000000, 0x000000072a000000, 0x000000072a200000|  0%| F|  |TAMS 0x000000072a000000| PB 0x000000072a000000| Untracked 
|  63|0x000000072a200000, 0x000000072a200000, 0x000000072a400000|  0%| F|  |TAMS 0x000000072a200000| PB 0x000000072a200000| Untracked 
|  64|0x000000072a400000, 0x000000072a400000, 0x000000072a600000|  0%| F|  |TAMS 0x000000072a400000| PB 0x000000072a400000| Untracked 
|  65|0x000000072a600000, 0x000000072a600000, 0x000000072a800000|  0%| F|  |TAMS 0x000000072a600000| PB 0x000000072a600000| Untracked 
|  66|0x000000072a800000, 0x000000072a800000, 0x000000072aa00000|  0%| F|  |TAMS 0x000000072a800000| PB 0x000000072a800000| Untracked 
|  67|0x000000072aa00000, 0x000000072aa00000, 0x000000072ac00000|  0%| F|  |TAMS 0x000000072aa00000| PB 0x000000072aa00000| Untracked 
|  68|0x000000072ac00000, 0x000000072ac00000, 0x000000072ae00000|  0%| F|  |TAMS 0x000000072ac00000| PB 0x000000072ac00000| Untracked 
|  69|0x000000072ae00000, 0x000000072ae00000, 0x000000072b000000|  0%| F|  |TAMS 0x000000072ae00000| PB 0x000000072ae00000| Untracked 
|  70|0x000000072b000000, 0x000000072b000000, 0x000000072b200000|  0%| F|  |TAMS 0x000000072b000000| PB 0x000000072b000000| Untracked 
|  71|0x000000072b200000, 0x000000072b200000, 0x000000072b400000|  0%| F|  |TAMS 0x000000072b200000| PB 0x000000072b200000| Untracked 
|  72|0x000000072b400000, 0x000000072b400000, 0x000000072b600000|  0%| F|  |TAMS 0x000000072b400000| PB 0x000000072b400000| Untracked 
|  73|0x000000072b600000, 0x000000072b600000, 0x000000072b800000|  0%| F|  |TAMS 0x000000072b600000| PB 0x000000072b600000| Untracked 
|  74|0x000000072b800000, 0x000000072b800000, 0x000000072ba00000|  0%| F|  |TAMS 0x000000072b800000| PB 0x000000072b800000| Untracked 
|  75|0x000000072ba00000, 0x000000072ba00000, 0x000000072bc00000|  0%| F|  |TAMS 0x000000072ba00000| PB 0x000000072ba00000| Untracked 
|  76|0x000000072bc00000, 0x000000072bc00000, 0x000000072be00000|  0%| F|  |TAMS 0x000000072bc00000| PB 0x000000072bc00000| Untracked 
|  77|0x000000072be00000, 0x000000072be00000, 0x000000072c000000|  0%| F|  |TAMS 0x000000072be00000| PB 0x000000072be00000| Untracked 
|  78|0x000000072c000000, 0x000000072c000000, 0x000000072c200000|  0%| F|  |TAMS 0x000000072c000000| PB 0x000000072c000000| Untracked 
|  79|0x000000072c200000, 0x000000072c200000, 0x000000072c400000|  0%| F|  |TAMS 0x000000072c200000| PB 0x000000072c200000| Untracked 
|  80|0x000000072c400000, 0x000000072c400000, 0x000000072c600000|  0%| F|  |TAMS 0x000000072c400000| PB 0x000000072c400000| Untracked 
|  81|0x000000072c600000, 0x000000072c600000, 0x000000072c800000|  0%| F|  |TAMS 0x000000072c600000| PB 0x000000072c600000| Untracked 
|  82|0x000000072c800000, 0x000000072c800000, 0x000000072ca00000|  0%| F|  |TAMS 0x000000072c800000| PB 0x000000072c800000| Untracked 
|  83|0x000000072ca00000, 0x000000072ca00000, 0x000000072cc00000|  0%| F|  |TAMS 0x000000072ca00000| PB 0x000000072ca00000| Untracked 
|  84|0x000000072cc00000, 0x000000072cc00000, 0x000000072ce00000|  0%| F|  |TAMS 0x000000072cc00000| PB 0x000000072cc00000| Untracked 
|  85|0x000000072ce00000, 0x000000072ce00000, 0x000000072d000000|  0%| F|  |TAMS 0x000000072ce00000| PB 0x000000072ce00000| Untracked 
|  86|0x000000072d000000, 0x000000072d000000, 0x000000072d200000|  0%| F|  |TAMS 0x000000072d000000| PB 0x000000072d000000| Untracked 
|  87|0x000000072d200000, 0x000000072d200000, 0x000000072d400000|  0%| F|  |TAMS 0x000000072d200000| PB 0x000000072d200000| Untracked 
|  88|0x000000072d400000, 0x000000072d459588, 0x000000072d600000| 17%| S|CS|TAMS 0x000000072d400000| PB 0x000000072d400000| Complete 
|  89|0x000000072d600000, 0x000000072d800000, 0x000000072d800000|100%| S|CS|TAMS 0x000000072d600000| PB 0x000000072d600000| Complete 
|  90|0x000000072d800000, 0x000000072da00000, 0x000000072da00000|100%| S|CS|TAMS 0x000000072d800000| PB 0x000000072d800000| Complete 
|  91|0x000000072da00000, 0x000000072da00000, 0x000000072dc00000|  0%| F|  |TAMS 0x000000072da00000| PB 0x000000072da00000| Untracked 
|  92|0x000000072dc00000, 0x000000072dc00000, 0x000000072de00000|  0%| F|  |TAMS 0x000000072dc00000| PB 0x000000072dc00000| Untracked 
|  93|0x000000072de00000, 0x000000072de00000, 0x000000072e000000|  0%| F|  |TAMS 0x000000072de00000| PB 0x000000072de00000| Untracked 
|  94|0x000000072e000000, 0x000000072e000000, 0x000000072e200000|  0%| F|  |TAMS 0x000000072e000000| PB 0x000000072e000000| Untracked 
|  95|0x000000072e200000, 0x000000072e200000, 0x000000072e400000|  0%| F|  |TAMS 0x000000072e200000| PB 0x000000072e200000| Untracked 
|  96|0x000000072e400000, 0x000000072e4de340, 0x000000072e600000| 43%| E|  |TAMS 0x000000072e400000| PB 0x000000072e400000| Complete 
|  97|0x000000072e600000, 0x000000072e800000, 0x000000072e800000|100%| E|CS|TAMS 0x000000072e600000| PB 0x000000072e600000| Complete 
|  98|0x000000072e800000, 0x000000072ea00000, 0x000000072ea00000|100%| E|CS|TAMS 0x000000072e800000| PB 0x000000072e800000| Complete 
|  99|0x000000072ea00000, 0x000000072ec00000, 0x000000072ec00000|100%| E|CS|TAMS 0x000000072ea00000| PB 0x000000072ea00000| Complete 
| 100|0x000000072ec00000, 0x000000072ee00000, 0x000000072ee00000|100%| E|CS|TAMS 0x000000072ec00000| PB 0x000000072ec00000| Complete 
| 101|0x000000072ee00000, 0x000000072f000000, 0x000000072f000000|100%| E|CS|TAMS 0x000000072ee00000| PB 0x000000072ee00000| Complete 
| 102|0x000000072f000000, 0x000000072f200000, 0x000000072f200000|100%| E|CS|TAMS 0x000000072f000000| PB 0x000000072f000000| Complete 
| 103|0x000000072f200000, 0x000000072f400000, 0x000000072f400000|100%| E|CS|TAMS 0x000000072f200000| PB 0x000000072f200000| Complete 
| 104|0x000000072f400000, 0x000000072f600000, 0x000000072f600000|100%| E|CS|TAMS 0x000000072f400000| PB 0x000000072f400000| Complete 
| 105|0x000000072f600000, 0x000000072f800000, 0x000000072f800000|100%| E|CS|TAMS 0x000000072f600000| PB 0x000000072f600000| Complete 
| 106|0x000000072f800000, 0x000000072fa00000, 0x000000072fa00000|100%| E|CS|TAMS 0x000000072f800000| PB 0x000000072f800000| Complete 
| 107|0x000000072fa00000, 0x000000072fc00000, 0x000000072fc00000|100%| E|CS|TAMS 0x000000072fa00000| PB 0x000000072fa00000| Complete 
| 108|0x000000072fc00000, 0x000000072fe00000, 0x000000072fe00000|100%| E|CS|TAMS 0x000000072fc00000| PB 0x000000072fc00000| Complete 
| 109|0x000000072fe00000, 0x0000000730000000, 0x0000000730000000|100%| E|CS|TAMS 0x000000072fe00000| PB 0x000000072fe00000| Complete 
| 110|0x0000000730000000, 0x0000000730200000, 0x0000000730200000|100%| E|CS|TAMS 0x0000000730000000| PB 0x0000000730000000| Complete 

Card table byte_map: [0x000001eccea20000,0x000001eccf110000] _byte_map_base: 0x000001eccb10e000

Marking Bits: (CMBitMap*) 0x000001ecb4aac600
 Bits: [0x000001eccf110000, 0x000001ecd2880000)

Polling page: 0x000001ecb4b10000

Metaspace:

Usage:
  Non-class:     12.65 MB used.
      Class:      2.39 MB used.
       Both:     15.05 MB used.

Virtual space:
  Non-class space:       64.00 MB reserved,      12.81 MB ( 20%) committed,  1 nodes.
      Class space:        1.00 GB reserved,       2.56 MB ( <1%) committed,  1 nodes.
             Both:        1.06 GB reserved,      15.38 MB (  1%) committed. 

Chunk freelists:
   Non-Class:  2.84 MB
       Class:  13.34 MB
        Both:  16.19 MB

MaxMetaspaceSize: unlimited
CompressedClassSpaceSize: 1.00 GB
Initial GC threshold: 21.00 MB
Current GC threshold: 21.00 MB
CDS: on
 - commit_granule_bytes: 65536.
 - commit_granule_words: 8192.
 - virtual_space_node_default_size: 8388608.
 - enlarge_chunks_in_place: 1.
 - use_allocation_guard: 0.


Internal statistics:

num_allocs_failed_limit: 0.
num_arena_births: 250.
num_arena_deaths: 0.
num_vsnodes_births: 2.
num_vsnodes_deaths: 0.
num_space_committed: 245.
num_space_uncommitted: 0.
num_chunks_returned_to_freelist: 0.
num_chunks_taken_from_freelist: 758.
num_chunk_merges: 0.
num_chunk_splits: 519.
num_chunks_enlarged: 391.
num_inconsistent_stats: 0.

CodeHeap 'non-profiled nmethods': size=120000Kb used=1015Kb max_used=1015Kb free=118984Kb
 bounds [0x000001ecc6170000, 0x000001ecc63e0000, 0x000001eccd6a0000]
CodeHeap 'profiled nmethods': size=120000Kb used=4604Kb max_used=4604Kb free=115395Kb
 bounds [0x000001ecbe6a0000, 0x000001ecbeb20000, 0x000001ecc5bd0000]
CodeHeap 'non-nmethods': size=5760Kb used=1709Kb max_used=1723Kb free=4050Kb
 bounds [0x000001ecc5bd0000, 0x000001ecc5e40000, 0x000001ecc6170000]
 total_blobs=3097 nmethods=2349 adapters=652
 compilation: enabled
              stopped_count=0, restarted_count=0
 full_count=0

Compilation events (20 events):
Event: 1.676 Thread 0x000001ecd55694c0 2271       3       java.lang.Double::doubleToLongBits (16 bytes)
Event: 1.676 Thread 0x000001ecd55694c0 nmethod 2271 0x000001ecbeafe890 code [0x000001ecbeafea40, 0x000001ecbeafec88]
Event: 1.676 Thread 0x000001ecd55694c0 2272       3       com.sun.javafx.css.PseudoClassState::contains (6 bytes)
Event: 1.676 Thread 0x000001ecd55694c0 nmethod 2272 0x000001ecbeafed10 code [0x000001ecbeafeec0, 0x000001ecbeaff000]
Event: 1.676 Thread 0x000001ecd55694c0 2269       1       javafx.css.SizeUnits::isAbsolute (5 bytes)
Event: 1.676 Thread 0x000001ecd55694c0 nmethod 2269 0x000001ecc6265c90 code [0x000001ecc6265e20, 0x000001ecc6265ef0]
Event: 1.676 Thread 0x000001ecd55694c0 2277       3       com.sun.javafx.scene.layout.ScaledMath::round (10 bytes)
Event: 1.677 Thread 0x000001ecd55694c0 nmethod 2277 0x000001ecbeaff090 code [0x000001ecbeaff240, 0x000001ecbeaff370]
Event: 1.677 Thread 0x000001ecd55694c0 2274       3       com.sun.javafx.scene.layout.ScaledMath::ceil (29 bytes)
Event: 1.677 Thread 0x000001ecd55694c0 nmethod 2274 0x000001ecbeaff410 code [0x000001ecbeaff620, 0x000001ecbeaff950]
Event: 1.677 Thread 0x000001ecd55694c0 2275       3       java.lang.Double::isInfinite (17 bytes)
Event: 1.677 Thread 0x000001ecd55694c0 nmethod 2275 0x000001ecbeaffa90 code [0x000001ecbeaffc60, 0x000001ecbeaffdf0]
Event: 1.677 Thread 0x000001ecd55694c0 2276       3       java.lang.Math::ulp (103 bytes)
Event: 1.677 Thread 0x000001ecd55694c0 nmethod 2276 0x000001ecbeaffe90 code [0x000001ecbeb000a0, 0x000001ecbeb00418]
Event: 1.677 Thread 0x000001ecd55694c0 2273       1       com.sun.javafx.text.TextLine::getBounds (5 bytes)
Event: 1.677 Thread 0x000001ecd55694c0 nmethod 2273 0x000001ecc6265f90 code [0x000001ecc6266120, 0x000001ecc62661f0]
Event: 1.677 Thread 0x000001ecd55694c0 2278       1       java.util.zip.ZipEntry::getSize (5 bytes)
Event: 1.677 Thread 0x000001ecd55694c0 nmethod 2278 0x000001ecc6266290 code [0x000001ecc6266420, 0x000001ecc62664e8]
Event: 1.679 Thread 0x000001ecd55694c0 2279       3       java.util.LinkedHashMap::get (29 bytes)
Event: 1.679 Thread 0x000001ecd55694c0 nmethod 2279 0x000001ecbeb00510 code [0x000001ecbeb006e0, 0x000001ecbeb00938]

GC Heap History (4 events):
Event: 0.503 GC heap before
{Heap before GC invocations=0 (full 0):
 garbage-first heap   total 227328K, used 20480K [0x0000000722400000, 0x0000000800000000)
  region size 2048K, 11 young (22528K), 0 survivors (0K)
 Metaspace       used 4333K, committed 4544K, reserved 1114112K
  class space    used 477K, committed 576K, reserved 1048576K
}
Event: 0.506 GC heap after
{Heap after GC invocations=1 (full 0):
 garbage-first heap   total 227328K, used 3640K [0x0000000722400000, 0x0000000800000000)
  region size 2048K, 2 young (4096K), 2 survivors (4096K)
 Metaspace       used 4333K, committed 4544K, reserved 1114112K
  class space    used 477K, committed 576K, reserved 1048576K
}
Event: 1.097 GC heap before
{Heap before GC invocations=1 (full 0):
 garbage-first heap   total 227328K, used 38456K [0x0000000722400000, 0x0000000800000000)
  region size 2048K, 20 young (40960K), 2 survivors (4096K)
 Metaspace       used 10064K, committed 10304K, reserved 1114112K
  class space    used 1475K, committed 1536K, reserved 1048576K
}
Event: 1.101 GC heap after
{Heap after GC invocations=2 (full 0):
 garbage-first heap   total 227328K, used 8061K [0x0000000722400000, 0x0000000800000000)
  region size 2048K, 3 young (6144K), 3 survivors (6144K)
 Metaspace       used 10064K, committed 10304K, reserved 1114112K
  class space    used 1475K, committed 1536K, reserved 1048576K
}

Dll operation events (20 events):
Event: 0.316 Loaded shared library C:\Java\javafx-sdk-22.0.1\bin\api-ms-win-crt-locale-l1-1-0.dll
Event: 0.318 Loaded shared library C:\Java\javafx-sdk-22.0.1\bin\api-ms-win-crt-math-l1-1-0.dll
Event: 0.319 Loaded shared library C:\Java\javafx-sdk-22.0.1\bin\api-ms-win-crt-multibyte-l1-1-0.dll
Event: 0.322 Loaded shared library C:\Java\javafx-sdk-22.0.1\bin\api-ms-win-crt-private-l1-1-0.dll
Event: 0.323 Loaded shared library C:\Java\javafx-sdk-22.0.1\bin\api-ms-win-crt-process-l1-1-0.dll
Event: 0.325 Loaded shared library C:\Java\javafx-sdk-22.0.1\bin\api-ms-win-crt-runtime-l1-1-0.dll
Event: 0.327 Loaded shared library C:\Java\javafx-sdk-22.0.1\bin\api-ms-win-crt-stdio-l1-1-0.dll
Event: 0.329 Loaded shared library C:\Java\javafx-sdk-22.0.1\bin\api-ms-win-crt-string-l1-1-0.dll
Event: 0.331 Loaded shared library C:\Java\javafx-sdk-22.0.1\bin\api-ms-win-crt-time-l1-1-0.dll
Event: 0.332 Loaded shared library C:\Java\javafx-sdk-22.0.1\bin\api-ms-win-crt-utility-l1-1-0.dll
Event: 0.334 Loaded shared library C:\Java\javafx-sdk-22.0.1\bin\ucrtbase.dll
Event: 0.335 Loaded shared library C:\Java\javafx-sdk-22.0.1\bin\vcruntime140.dll
Event: 0.337 Loaded shared library C:\Java\javafx-sdk-22.0.1\bin\vcruntime140_1.dll
Event: 0.339 Loaded shared library C:\Java\javafx-sdk-22.0.1\bin\msvcp140.dll
Event: 0.340 Loaded shared library C:\Java\javafx-sdk-22.0.1\bin\msvcp140_1.dll
Event: 0.342 Loaded shared library C:\Java\javafx-sdk-22.0.1\bin\msvcp140_2.dll
Event: 0.373 Loaded shared library C:\Java\javafx-sdk-22.0.1\bin\prism_d3d.dll
Event: 0.422 Loaded shared library C:\Java\javafx-sdk-22.0.1\bin\glass.dll
Event: 0.556 Loaded shared library C:\Users\truon\.jdks\openjdk-21.0.2\bin\jimage.dll
Event: 0.812 Loaded shared library C:\Java\javafx-sdk-22.0.1\bin\javafx_font.dll

Deoptimization events (20 events):
Event: 1.476 Thread 0x000001ed1c2b25d0 DEOPT PACKING pc=0x000001ecc6182b50 sp=0x000000e7a11fcd60
Event: 1.476 Thread 0x000001ed1c2b25d0 DEOPT UNPACKING pc=0x000001ecc5c246a2 sp=0x000000e7a11fccf8 mode 2
Event: 1.482 Thread 0x000001ed1c2b25d0 DEOPT PACKING pc=0x000001ecbe9669f7 sp=0x000000e7a11f88a0
Event: 1.482 Thread 0x000001ed1c2b25d0 DEOPT UNPACKING pc=0x000001ecc5c24e42 sp=0x000000e7a11f7cf0 mode 0
Event: 1.542 Thread 0x000001ed1c2b25d0 Uncommon trap: trap_request=0xffffff6e fr.pc=0x000001ecc624b270 relative=0x0000000000000430
Event: 1.542 Thread 0x000001ed1c2b25d0 Uncommon trap: reason=loop_limit_check action=maybe_recompile pc=0x000001ecc624b270 method=java.lang.StringLatin1.indexOf([BI[BII)I @ 37 c2
Event: 1.542 Thread 0x000001ed1c2b25d0 DEOPT PACKING pc=0x000001ecc624b270 sp=0x000000e7a11fcd50
Event: 1.542 Thread 0x000001ed1c2b25d0 DEOPT UNPACKING pc=0x000001ecc5c246a2 sp=0x000000e7a11fccb0 mode 2
Event: 1.591 Thread 0x000001ed1c2b25d0 Uncommon trap: trap_request=0xffffff45 fr.pc=0x000001ecc620f518 relative=0x00000000000001f8
Event: 1.591 Thread 0x000001ed1c2b25d0 Uncommon trap: reason=unstable_if action=reinterpret pc=0x000001ecc620f518 method=java.io.ByteArrayInputStream.read()I @ 8 c2
Event: 1.591 Thread 0x000001ed1c2b25d0 DEOPT PACKING pc=0x000001ecc620f518 sp=0x000000e7a11fbb90
Event: 1.591 Thread 0x000001ed1c2b25d0 DEOPT UNPACKING pc=0x000001ecc5c246a2 sp=0x000000e7a11fbb38 mode 2
Event: 1.591 Thread 0x000001ed1c2b25d0 Uncommon trap: trap_request=0xffffff45 fr.pc=0x000001ecc622d8ac relative=0x000000000000008c
Event: 1.591 Thread 0x000001ed1c2b25d0 Uncommon trap: reason=unstable_if action=reinterpret pc=0x000001ecc622d8ac method=jdk.internal.misc.Unsafe.convEndian(ZI)I @ 4 c2
Event: 1.591 Thread 0x000001ed1c2b25d0 DEOPT PACKING pc=0x000001ecc622d8ac sp=0x000000e7a11fba20
Event: 1.591 Thread 0x000001ed1c2b25d0 DEOPT UNPACKING pc=0x000001ecc5c246a2 sp=0x000000e7a11fb950 mode 2
Event: 1.602 Thread 0x000001ed1c2b25d0 Uncommon trap: trap_request=0xffffff45 fr.pc=0x000001ecc625700c relative=0x000000000000006c
Event: 1.602 Thread 0x000001ed1c2b25d0 Uncommon trap: reason=unstable_if action=reinterpret pc=0x000001ecc625700c method=java.util.Objects.equals(Ljava/lang/Object;Ljava/lang/Object;)Z @ 6 c2
Event: 1.602 Thread 0x000001ed1c2b25d0 DEOPT PACKING pc=0x000001ecc625700c sp=0x000000e7a11fcec0
Event: 1.602 Thread 0x000001ed1c2b25d0 DEOPT UNPACKING pc=0x000001ecc5c246a2 sp=0x000000e7a11fce60 mode 2

Classes loaded (20 events):
Event: 1.594 Loading class jdk/internal/icu/text/BidiLine
Event: 1.594 Loading class jdk/internal/icu/text/BidiLine done
Event: 1.595 Loading class sun/invoke/util/ValueConversions$1
Event: 1.595 Loading class sun/invoke/util/ValueConversions$1 done
Event: 1.595 Loading class java/lang/invoke/BoundMethodHandle$Species_LI
Event: 1.595 Loading class java/lang/invoke/BoundMethodHandle$Species_LI done
Event: 1.609 Loading class java/lang/ArrayIndexOutOfBoundsException
Event: 1.609 Loading class java/lang/ArrayIndexOutOfBoundsException done
Event: 1.611 Loading class java/lang/FdLibm$Hypot
Event: 1.611 Loading class java/lang/FdLibm$Hypot done
Event: 1.611 Loading class java/lang/FdLibm
Event: 1.611 Loading class java/lang/FdLibm done
Event: 1.651 Loading class java/util/WeakHashMap$EntrySet
Event: 1.652 Loading class java/util/WeakHashMap$EntrySet done
Event: 1.652 Loading class java/util/WeakHashMap$EntryIterator
Event: 1.652 Loading class java/util/WeakHashMap$EntryIterator done
Event: 1.666 Loading class java/util/concurrent/ConcurrentLinkedQueue
Event: 1.667 Loading class java/util/concurrent/ConcurrentLinkedQueue done
Event: 1.667 Loading class java/util/concurrent/ConcurrentLinkedQueue$Node
Event: 1.667 Loading class java/util/concurrent/ConcurrentLinkedQueue$Node done

Classes unloaded (0 events):
No events

Classes redefined (0 events):
No events

Internal exceptions (20 events):
Event: 1.164 Thread 0x000001ed1c2b25d0 Exception <a 'java/lang/NoSuchMethodError'{0x00000007300ba8f0}: 'java.lang.Object java.lang.invoke.DirectMethodHandle$Holder.invokeInterface(java.lang.Object, java.lang.Object)'> (0x00000007300ba8f0) 
thrown [s\open\src\hotspot\share\interpreter\linkResolver.cpp, line 773]
Event: 1.256 Thread 0x000001ed1c2b25d0 Implicit null exception at 0x000001ecc61b97ad to 0x000001ecc61ba410
Event: 1.263 Thread 0x000001ed1c2b25d0 Implicit null exception at 0x000001ecc62141bd to 0x000001ecc6214414
Event: 1.377 Thread 0x000001ed1c2b25d0 Implicit null exception at 0x000001ecc618d73d to 0x000001ecc618d7c1
Event: 1.378 Thread 0x000001ed1c2b25d0 Implicit null exception at 0x000001ecc6213a3d to 0x000001ecc6213c8c
Event: 1.443 Thread 0x000001ed1c2b25d0 Exception <a 'java/lang/NoSuchMethodError'{0x000000072f3c79e0}: 'java.lang.Object java.lang.invoke.DirectMethodHandle$Holder.invokeInterface(java.lang.Object, java.lang.Object, java.lang.Object)'> (0x000000072f3c79e0) 
thrown [s\open\src\hotspot\share\interpreter\linkResolver.cpp, line 773]
Event: 1.443 Thread 0x000001ed1c2b25d0 Exception <a 'java/lang/IncompatibleClassChangeError'{0x000000072f3cb088}: Found class java.lang.Object, but interface was expected> (0x000000072f3cb088) 
thrown [s\open\src\hotspot\share\interpreter\linkResolver.cpp, line 840]
Event: 1.458 Thread 0x000001ed1c2b25d0 Exception <a 'java/lang/NoSuchMethodError'{0x000000072f0c9c58}: 'void java.lang.invoke.DirectMethodHandle$Holder.invokeSpecial(java.lang.Object, java.lang.Object, java.lang.Object, java.lang.Object, java.lang.Object, java.lang.Object)'> (0x000000072f0c9c58) 
thrown [s\open\src\hotspot\share\interpreter\linkResolver.cpp, line 773]
Event: 1.493 Thread 0x000001ed1c2b25d0 Exception <a 'java/lang/ClassNotFoundException'{0x000000072efd8be0}: com/sun/javafx/scene/control/skin/resources/controls> (0x000000072efd8be0) 
thrown [s\open\src\hotspot\share\prims\jni.cpp, line 539]
Event: 1.493 Thread 0x000001ed1c2b25d0 Exception <a 'java/lang/ClassNotFoundException'{0x000000072efe6e10}: com/sun/javafx/scene/control/skin/resources/controls_en> (0x000000072efe6e10) 
thrown [s\open\src\hotspot\share\prims\jni.cpp, line 539]
Event: 1.494 Thread 0x000001ed1c2b25d0 Exception <a 'java/lang/ClassNotFoundException'{0x000000072efe8400}: com/sun/javafx/scene/control/skin/resources/controls_en_US> (0x000000072efe8400) 
thrown [s\open\src\hotspot\share\prims\jni.cpp, line 539]
Event: 1.594 Thread 0x000001ed1c2b25d0 Exception <a 'java/lang/NoSuchMethodError'{0x000000072e8ac1c0}: 'int java.lang.invoke.DirectMethodHandle$Holder.invokeSpecial(java.lang.Object, java.lang.Object, int)'> (0x000000072e8ac1c0) 
thrown [s\open\src\hotspot\share\interpreter\linkResolver.cpp, line 773]
Event: 1.595 Thread 0x000001ed1c2b25d0 Exception <a 'java/lang/NoSuchMethodError'{0x000000072e8b3810}: 'int java.lang.invoke.DirectMethodHandle$Holder.invokeSpecial(java.lang.Object, java.lang.Object, java.lang.Object, int)'> (0x000000072e8b3810) 
thrown [s\open\src\hotspot\share\interpreter\linkResolver.cpp, line 773]
Event: 1.597 Thread 0x000001ed1c2b25d0 Exception <a 'java/lang/NoSuchMethodError'{0x000000072e8c5238}: 'java.lang.Object java.lang.invoke.DirectMethodHandle$Holder.invokeStatic(java.lang.Object, java.lang.Object, java.lang.Object, java.lang.Object, int)'> (0x000000072e8c5238) 
thrown [s\open\src\hotspot\share\interpreter\linkResolver.cpp, line 773]
Event: 1.598 Thread 0x000001ed1c2b25d0 Exception <a 'java/lang/NoSuchMethodError'{0x000000072e8cd090}: 'int java.lang.invoke.DirectMethodHandle$Holder.invokeSpecial(java.lang.Object, java.lang.Object, java.lang.Object)'> (0x000000072e8cd090) 
thrown [s\open\src\hotspot\share\interpreter\linkResolver.cpp, line 773]
Event: 1.620 Thread 0x000001ed1c2b25d0 Exception <a 'java/lang/NoSuchMethodError'{0x000000072e9f5428}: 'java.lang.Object java.lang.invoke.DirectMethodHandle$Holder.newInvokeSpecial(java.lang.Object, java.lang.Object, int)'> (0x000000072e9f5428) 
thrown [s\open\src\hotspot\share\interpreter\linkResolver.cpp, line 773]
Event: 1.667 Thread 0x000001ed1c2b25d0 Exception <a 'java/lang/NoSuchMethodError'{0x000000072e6907b8}: 'long java.lang.invoke.DirectMethodHandle$Holder.invokeStatic(java.lang.Object, java.lang.Object, java.lang.Object)'> (0x000000072e6907b8) 
thrown [s\open\src\hotspot\share\interpreter\linkResolver.cpp, line 773]
Event: 1.668 Thread 0x000001ed1c2b25d0 Exception <a 'java/lang/NoSuchMethodError'{0x000000072e693b88}: 'long java.lang.invoke.DirectMethodHandle$Holder.invokeStaticInit(java.lang.Object, java.lang.Object, java.lang.Object)'> (0x000000072e693b88) 
thrown [s\open\src\hotspot\share\interpreter\linkResolver.cpp, line 773]
Event: 1.670 Thread 0x000001ed1c2b25d0 Exception <a 'java/lang/NoSuchMethodError'{0x000000072e6a8278}: 'java.lang.Object java.lang.invoke.DirectMethodHandle$Holder.newInvokeSpecial(java.lang.Object, java.lang.Object, long)'> (0x000000072e6a8278) 
thrown [s\open\src\hotspot\share\interpreter\linkResolver.cpp, line 773]
Event: 1.670 Thread 0x000001ed1c2b25d0 Exception <a 'java/lang/NoSuchMethodError'{0x000000072e6abb70}: 'java.lang.Object java.lang.invoke.Invokers$Holder.linkToTargetMethod(java.lang.Object, long, java.lang.Object)'> (0x000000072e6abb70) 
thrown [s\open\src\hotspot\share\interpreter\linkResolver.cpp, line 773]

ZGC Phase Switch (0 events):
No events

VM Operations (20 events):
Event: 0.817 Executing VM operation: HandshakeAllThreads (Deoptimize)
Event: 0.817 Executing VM operation: HandshakeAllThreads (Deoptimize) done
Event: 0.817 Executing VM operation: HandshakeAllThreads (Deoptimize)
Event: 0.817 Executing VM operation: HandshakeAllThreads (Deoptimize) done
Event: 0.852 Executing VM operation: ICBufferFull
Event: 0.852 Executing VM operation: ICBufferFull done
Event: 0.922 Executing VM operation: HandshakeAllThreads (Deoptimize)
Event: 0.922 Executing VM operation: HandshakeAllThreads (Deoptimize) done
Event: 1.097 Executing VM operation: G1CollectForAllocation (G1 Evacuation Pause)
Event: 1.101 Executing VM operation: G1CollectForAllocation (G1 Evacuation Pause) done
Event: 1.103 Executing VM operation: HandshakeAllThreads (Deoptimize)
Event: 1.103 Executing VM operation: HandshakeAllThreads (Deoptimize) done
Event: 1.168 Executing VM operation: HandshakeAllThreads (Deoptimize)
Event: 1.168 Executing VM operation: HandshakeAllThreads (Deoptimize) done
Event: 1.456 Executing VM operation: HandshakeAllThreads (Deoptimize)
Event: 1.456 Executing VM operation: HandshakeAllThreads (Deoptimize) done
Event: 1.573 Executing VM operation: ICBufferFull
Event: 1.574 Executing VM operation: ICBufferFull done
Event: 1.610 Executing VM operation: HandshakeAllThreads (Deoptimize)
Event: 1.610 Executing VM operation: HandshakeAllThreads (Deoptimize) done

Events (20 events):
Event: 0.211 Thread 0x000001ecd5a82730 Thread added: 0x000001ecd5a82730
Event: 0.211 Thread 0x000001ecd58016f0 Thread added: 0x000001ecd58016f0
Event: 0.367 Thread 0x000001ed1bdf6460 Thread added: 0x000001ed1bdf6460
Event: 0.424 Thread 0x000001ed1c2b1cd0 Thread added: 0x000001ed1c2b1cd0
Event: 0.427 Thread 0x000001ed1c2b25d0 Thread added: 0x000001ed1c2b25d0
Event: 0.494 Thread 0x000001ed1c464080 Thread added: 0x000001ed1c464080
Event: 0.501 Thread 0x000001ed1bf0c120 Thread added: 0x000001ed1bf0c120
Event: 0.967 Thread 0x000001ed1c1502f0 Thread added: 0x000001ed1c1502f0
Event: 1.053 Thread 0x000001ecd59c8e60 Thread exited: 0x000001ecd59c8e60
Event: 1.159 Thread 0x000001ed1c791820 Thread added: 0x000001ed1c791820
Event: 1.160 Thread 0x000001ed1c7afb00 Thread added: 0x000001ed1c7afb00
Event: 1.160 Thread 0x000001ed1c7ada30 Thread added: 0x000001ed1c7ada30
Event: 1.160 Thread 0x000001ed1c7ae0c0 Thread added: 0x000001ed1c7ae0c0
Event: 1.160 Thread 0x000001ed1c7ac680 Thread added: 0x000001ed1c7ac680
Event: 1.160 Thread 0x000001ed1c7ae750 Thread added: 0x000001ed1c7ae750
Event: 1.160 Thread 0x000001ed1c7acd10 Thread added: 0x000001ed1c7acd10
Event: 1.160 Thread 0x000001ed1c7ad3a0 Thread added: 0x000001ed1c7ad3a0
Event: 1.160 Thread 0x000001ed1c7aede0 Thread added: 0x000001ed1c7aede0
Event: 1.161 Thread 0x000001ed1c7af470 Thread added: 0x000001ed1c7af470
Event: 1.161 Thread 0x000001ed1c1a7e70 Thread added: 0x000001ed1c1a7e70


Dynamic libraries:
0x00007ff66f820000 - 0x00007ff66f82e000 	C:\Users\truon\.jdks\openjdk-21.0.2\bin\java.exe
0x00007ffe8c930000 - 0x00007ffe8cb47000 	C:\WINDOWS\SYSTEM32\ntdll.dll
0x00007ffe8bbb0000 - 0x00007ffe8bc74000 	C:\WINDOWS\System32\KERNEL32.DLL
0x00007ffe8a0a0000 - 0x00007ffe8a447000 	C:\WINDOWS\System32\KERNELBASE.dll
0x00007ffe89f80000 - 0x00007ffe8a091000 	C:\WINDOWS\System32\ucrtbase.dll
0x00007ffe618b0000 - 0x00007ffe618c8000 	C:\Users\truon\.jdks\openjdk-21.0.2\bin\jli.dll
0x00007ffe835d0000 - 0x00007ffe835eb000 	C:\Users\truon\.jdks\openjdk-21.0.2\bin\VCRUNTIME140.dll
0x00007ffe8be90000 - 0x00007ffe8c03e000 	C:\WINDOWS\System32\USER32.dll
0x00007ffe89e30000 - 0x00007ffe89e56000 	C:\WINDOWS\System32\win32u.dll
0x00007ffe78af0000 - 0x00007ffe78d83000 	C:\WINDOWS\WinSxS\amd64_microsoft.windows.common-controls_6595b64144ccf1df_6.0.22621.3527_none_270e469b73872a76\COMCTL32.dll
0x00007ffe8c1b0000 - 0x00007ffe8c1d9000 	C:\WINDOWS\System32\GDI32.dll
0x00007ffe8a450000 - 0x00007ffe8a569000 	C:\WINDOWS\System32\gdi32full.dll
0x00007ffe8c040000 - 0x00007ffe8c0e7000 	C:\WINDOWS\System32\msvcrt.dll
0x00007ffe89ee0000 - 0x00007ffe89f7a000 	C:\WINDOWS\System32\msvcp_win.dll
0x00007ffe8c7d0000 - 0x00007ffe8c801000 	C:\WINDOWS\System32\IMM32.DLL
0x00007ffe75880000 - 0x00007ffe7588c000 	C:\Users\truon\.jdks\openjdk-21.0.2\bin\vcruntime140_1.dll
0x00007ffe5ea00000 - 0x00007ffe5ea8e000 	C:\Users\truon\.jdks\openjdk-21.0.2\bin\msvcp140.dll
0x00007ffe34790000 - 0x00007ffe354a7000 	C:\Users\truon\.jdks\openjdk-21.0.2\bin\server\jvm.dll
0x00007ffe8c550000 - 0x00007ffe8c602000 	C:\WINDOWS\System32\ADVAPI32.dll
0x00007ffe8c0f0000 - 0x00007ffe8c198000 	C:\WINDOWS\System32\sechost.dll
0x00007ffe8a630000 - 0x00007ffe8a658000 	C:\WINDOWS\System32\bcrypt.dll
0x00007ffe8bd70000 - 0x00007ffe8be85000 	C:\WINDOWS\System32\RPCRT4.dll
0x00007ffe8bc80000 - 0x00007ffe8bcf1000 	C:\WINDOWS\System32\WS2_32.dll
0x00007ffe88ad0000 - 0x00007ffe88b1d000 	C:\WINDOWS\SYSTEM32\POWRPROF.dll
0x00007ffe7f5a0000 - 0x00007ffe7f5d4000 	C:\WINDOWS\SYSTEM32\WINMM.dll
0x00007ffe83330000 - 0x00007ffe8333a000 	C:\WINDOWS\SYSTEM32\VERSION.dll
0x00007ffe88ab0000 - 0x00007ffe88ac3000 	C:\WINDOWS\SYSTEM32\UMPDC.dll
0x00007ffe88d60000 - 0x00007ffe88d78000 	C:\WINDOWS\SYSTEM32\kernel.appcore.dll
0x00007ffe74520000 - 0x00007ffe7452a000 	C:\Users\truon\.jdks\openjdk-21.0.2\bin\jimage.dll
0x00007ffe87600000 - 0x00007ffe87833000 	C:\WINDOWS\SYSTEM32\DBGHELP.DLL
0x00007ffe8ae30000 - 0x00007ffe8b1b8000 	C:\WINDOWS\System32\combase.dll
0x00007ffe8c810000 - 0x00007ffe8c8e7000 	C:\WINDOWS\System32\OLEAUT32.dll
0x00007ffe743c0000 - 0x00007ffe743f2000 	C:\WINDOWS\SYSTEM32\dbgcore.DLL
0x00007ffe89e60000 - 0x00007ffe89ed9000 	C:\WINDOWS\System32\bcryptPrimitives.dll
0x00007ffe73820000 - 0x00007ffe7382f000 	C:\Users\truon\.jdks\openjdk-21.0.2\bin\instrument.dll
0x00007ffe61860000 - 0x00007ffe6187f000 	C:\Users\truon\.jdks\openjdk-21.0.2\bin\java.dll
0x00007ffe8b330000 - 0x00007ffe8bb8c000 	C:\WINDOWS\System32\SHELL32.dll
0x00007ffe87ba0000 - 0x00007ffe88496000 	C:\WINDOWS\SYSTEM32\windows.storage.dll
0x00007ffe87a60000 - 0x00007ffe87b9e000 	C:\WINDOWS\SYSTEM32\wintypes.dll
0x00007ffe8b1c0000 - 0x00007ffe8b2b5000 	C:\WINDOWS\System32\SHCORE.dll
0x00007ffe8a790000 - 0x00007ffe8a7ee000 	C:\WINDOWS\System32\shlwapi.dll
0x00007ffe89b80000 - 0x00007ffe89ba1000 	C:\WINDOWS\SYSTEM32\profapi.dll
0x00007ffe5b590000 - 0x00007ffe5b667000 	C:\Users\truon\.jdks\openjdk-21.0.2\bin\jsvml.dll
0x00007ffe74240000 - 0x00007ffe74250000 	C:\Users\truon\.jdks\openjdk-21.0.2\bin\net.dll
0x00007ffe83d30000 - 0x00007ffe83e66000 	C:\WINDOWS\SYSTEM32\WINHTTP.dll
0x00007ffe50d90000 - 0x00007ffe51070000 	C:\Windows\GearUPBooster\lsp64.dll
0x00007ffe89cc0000 - 0x00007ffe89e27000 	C:\WINDOWS\System32\CRYPT32.dll
0x00007ffe88770000 - 0x00007ffe8879d000 	C:\WINDOWS\SYSTEM32\IPHLPAPI.DLL
0x00007ffe891d0000 - 0x00007ffe89239000 	C:\WINDOWS\system32\mswsock.dll
0x00007ffe89c50000 - 0x00007ffe89cbb000 	C:\WINDOWS\System32\WINTRUST.DLL
0x00007ffe89490000 - 0x00007ffe894a2000 	C:\WINDOWS\SYSTEM32\MSASN1.dll
0x00007ffe8a770000 - 0x00007ffe8a78f000 	C:\WINDOWS\System32\imagehlp.dll
0x00007ffe89440000 - 0x00007ffe8945b000 	C:\WINDOWS\SYSTEM32\CRYPTSP.dll
0x00007ffe88cc0000 - 0x00007ffe88cf5000 	C:\WINDOWS\system32\rsaenh.dll
0x00007ffe89430000 - 0x00007ffe8943c000 	C:\WINDOWS\SYSTEM32\CRYPTBASE.dll
0x00007ffe5f650000 - 0x00007ffe5f666000 	C:\Users\truon\.jdks\openjdk-21.0.2\bin\nio.dll
0x00007ffe5ef90000 - 0x00007ffe5efa8000 	C:\Users\truon\.jdks\openjdk-21.0.2\bin\zip.dll
0x00007ffe5eb60000 - 0x00007ffe5eb7a000 	C:\Program Files\JetBrains\IntelliJ IDEA Community Edition 2022.3.3\bin\breakgen64.dll
0x00007ffe6b940000 - 0x00007ffe6b949000 	C:\Users\truon\.jdks\openjdk-21.0.2\bin\extnet.dll
0x000001ecd5e40000 - 0x000001ecd5e43000 	C:\Java\javafx-sdk-22.0.1\bin\api-ms-win-core-console-l1-1-0.dll
0x000001ecd5e50000 - 0x000001ecd5e53000 	C:\Java\javafx-sdk-22.0.1\bin\api-ms-win-core-console-l1-2-0.dll
0x000001ecd5e60000 - 0x000001ecd5e63000 	C:\Java\javafx-sdk-22.0.1\bin\api-ms-win-core-datetime-l1-1-0.dll
0x000001ecd5e70000 - 0x000001ecd5e73000 	C:\Java\javafx-sdk-22.0.1\bin\api-ms-win-core-debug-l1-1-0.dll
0x000001ecd5e80000 - 0x000001ecd5e83000 	C:\Java\javafx-sdk-22.0.1\bin\api-ms-win-core-errorhandling-l1-1-0.dll
0x000001ecd5e90000 - 0x000001ecd5e94000 	C:\Java\javafx-sdk-22.0.1\bin\api-ms-win-core-file-l1-1-0.dll
0x000001ecd5ea0000 - 0x000001ecd5ea3000 	C:\Java\javafx-sdk-22.0.1\bin\api-ms-win-core-file-l1-2-0.dll
0x000001ecd5eb0000 - 0x000001ecd5eb3000 	C:\Java\javafx-sdk-22.0.1\bin\api-ms-win-core-file-l2-1-0.dll
0x000001ecd5ec0000 - 0x000001ecd5ec3000 	C:\Java\javafx-sdk-22.0.1\bin\api-ms-win-core-handle-l1-1-0.dll
0x000001ecd5ed0000 - 0x000001ecd5ed3000 	C:\Java\javafx-sdk-22.0.1\bin\api-ms-win-core-heap-l1-1-0.dll
0x000001ecd5ee0000 - 0x000001ecd5ee3000 	C:\Java\javafx-sdk-22.0.1\bin\api-ms-win-core-interlocked-l1-1-0.dll
0x000001ecd5ef0000 - 0x000001ecd5ef3000 	C:\Java\javafx-sdk-22.0.1\bin\api-ms-win-core-libraryloader-l1-1-0.dll
0x000001ecd5f00000 - 0x000001ecd5f03000 	C:\Java\javafx-sdk-22.0.1\bin\api-ms-win-core-localization-l1-2-0.dll
0x000001ecd5f10000 - 0x000001ecd5f13000 	C:\Java\javafx-sdk-22.0.1\bin\api-ms-win-core-memory-l1-1-0.dll
0x000001ecd5f20000 - 0x000001ecd5f23000 	C:\Java\javafx-sdk-22.0.1\bin\api-ms-win-core-namedpipe-l1-1-0.dll
0x000001ecd5f30000 - 0x000001ecd5f33000 	C:\Java\javafx-sdk-22.0.1\bin\api-ms-win-core-processenvironment-l1-1-0.dll
0x000001ecd5f40000 - 0x000001ecd5f43000 	C:\Java\javafx-sdk-22.0.1\bin\api-ms-win-core-processthreads-l1-1-0.dll
0x000001ecd5f50000 - 0x000001ecd5f53000 	C:\Java\javafx-sdk-22.0.1\bin\api-ms-win-core-processthreads-l1-1-1.dll
0x000001ecd5f60000 - 0x000001ecd5f63000 	C:\Java\javafx-sdk-22.0.1\bin\api-ms-win-core-profile-l1-1-0.dll
0x000001ecd5f70000 - 0x000001ecd5f73000 	C:\Java\javafx-sdk-22.0.1\bin\api-ms-win-core-rtlsupport-l1-1-0.dll
0x000001ecd5f80000 - 0x000001ecd5f83000 	C:\Java\javafx-sdk-22.0.1\bin\api-ms-win-core-string-l1-1-0.dll
0x000001ecd5f90000 - 0x000001ecd5f93000 	C:\Java\javafx-sdk-22.0.1\bin\api-ms-win-core-synch-l1-1-0.dll
0x000001ecd5fa0000 - 0x000001ecd5fa3000 	C:\Java\javafx-sdk-22.0.1\bin\api-ms-win-core-synch-l1-2-0.dll
0x000001ecd5fb0000 - 0x000001ecd5fb3000 	C:\Java\javafx-sdk-22.0.1\bin\api-ms-win-core-sysinfo-l1-1-0.dll
0x000001ecd5fc0000 - 0x000001ecd5fc3000 	C:\Java\javafx-sdk-22.0.1\bin\api-ms-win-core-timezone-l1-1-0.dll
0x000001ecd5fd0000 - 0x000001ecd5fd3000 	C:\Java\javafx-sdk-22.0.1\bin\api-ms-win-core-util-l1-1-0.dll
0x000001ecd5fe0000 - 0x000001ecd5fe3000 	C:\Java\javafx-sdk-22.0.1\bin\api-ms-win-crt-conio-l1-1-0.dll
0x000001ecd5ff0000 - 0x000001ecd5ff4000 	C:\Java\javafx-sdk-22.0.1\bin\api-ms-win-crt-convert-l1-1-0.dll
0x000001ed1cb10000 - 0x000001ed1cb13000 	C:\Java\javafx-sdk-22.0.1\bin\api-ms-win-crt-environment-l1-1-0.dll
0x000001ed1cb20000 - 0x000001ed1cb23000 	C:\Java\javafx-sdk-22.0.1\bin\api-ms-win-crt-filesystem-l1-1-0.dll
0x000001ed1cb30000 - 0x000001ed1cb33000 	C:\Java\javafx-sdk-22.0.1\bin\api-ms-win-crt-heap-l1-1-0.dll
0x000001ed1cb40000 - 0x000001ed1cb43000 	C:\Java\javafx-sdk-22.0.1\bin\api-ms-win-crt-locale-l1-1-0.dll
0x000001ed1cb50000 - 0x000001ed1cb55000 	C:\Java\javafx-sdk-22.0.1\bin\api-ms-win-crt-math-l1-1-0.dll
0x000001ed1cb60000 - 0x000001ed1cb65000 	C:\Java\javafx-sdk-22.0.1\bin\api-ms-win-crt-multibyte-l1-1-0.dll
0x000001ed1cb70000 - 0x000001ed1cb80000 	C:\Java\javafx-sdk-22.0.1\bin\api-ms-win-crt-private-l1-1-0.dll
0x000001ed1cb80000 - 0x000001ed1cb83000 	C:\Java\javafx-sdk-22.0.1\bin\api-ms-win-crt-process-l1-1-0.dll
0x000001ed1cb90000 - 0x000001ed1cb94000 	C:\Java\javafx-sdk-22.0.1\bin\api-ms-win-crt-runtime-l1-1-0.dll
0x000001ed1cba0000 - 0x000001ed1cba4000 	C:\Java\javafx-sdk-22.0.1\bin\api-ms-win-crt-stdio-l1-1-0.dll
0x000001ed1cbb0000 - 0x000001ed1cbb4000 	C:\Java\javafx-sdk-22.0.1\bin\api-ms-win-crt-string-l1-1-0.dll
0x000001ed1cbc0000 - 0x000001ed1cbc3000 	C:\Java\javafx-sdk-22.0.1\bin\api-ms-win-crt-time-l1-1-0.dll
0x000001ed1cbd0000 - 0x000001ed1cbd3000 	C:\Java\javafx-sdk-22.0.1\bin\api-ms-win-crt-utility-l1-1-0.dll
0x00007ffe50a10000 - 0x00007ffe50b0c000 	C:\Java\javafx-sdk-22.0.1\bin\ucrtbase.dll
0x00007ffe5eb40000 - 0x00007ffe5eb5b000 	C:\Java\javafx-sdk-22.0.1\bin\vcruntime140.dll
0x00007ffe64b10000 - 0x00007ffe64b1c000 	C:\Java\javafx-sdk-22.0.1\bin\vcruntime140_1.dll
0x00007ffe5c3c0000 - 0x00007ffe5c44e000 	C:\Java\javafx-sdk-22.0.1\bin\msvcp140.dll
0x00007ffe620d0000 - 0x00007ffe620d9000 	C:\Java\javafx-sdk-22.0.1\bin\msvcp140_1.dll
0x00007ffe58cd0000 - 0x00007ffe58d11000 	C:\Java\javafx-sdk-22.0.1\bin\msvcp140_2.dll
0x00007ffe5e460000 - 0x00007ffe5e490000 	C:\Java\javafx-sdk-22.0.1\bin\prism_d3d.dll
0x00007ffe199d0000 - 0x00007ffe19b79000 	C:\WINDOWS\system32\d3d9.dll
0x00007ffe86e10000 - 0x00007ffe86e3b000 	C:\WINDOWS\SYSTEM32\dwmapi.dll
0x00007ffe87050000 - 0x00007ffe87089000 	C:\WINDOWS\SYSTEM32\dxcore.dll
0x00007ffe86b90000 - 0x00007ffe86c3b000 	C:\WINDOWS\system32\uxtheme.dll
0x00007ffe7db00000 - 0x00007ffe7dcbb000 	C:\WINDOWS\System32\DriverStore\FileRepository\u0386187.inf_amd64_e45f6929dd019ce6\B385477\aticfx64.dll
0x00007ffe143d0000 - 0x00007ffe14404000 	C:\WINDOWS\System32\DriverStore\FileRepository\u0386187.inf_amd64_e45f6929dd019ce6\B385477\atiu9p64.dll
0x00007ffe101e0000 - 0x00007ffe10f35000 	C:\WINDOWS\System32\DriverStore\FileRepository\u0386187.inf_amd64_e45f6929dd019ce6\B385477\atiumd64.dll
0x00007ffe8c290000 - 0x00007ffe8c435000 	C:\WINDOWS\System32\ole32.dll
0x0000000058590000 - 0x00000000594b7000 	C:\WINDOWS\System32\DriverStore\FileRepository\u0386187.inf_amd64_e45f6929dd019ce6\B385477\atiumd6a.dll
0x00007ffe8a840000 - 0x00007ffe8acb4000 	C:\WINDOWS\System32\SETUPAPI.dll
0x00007ffe7d9f0000 - 0x00007ffe7da25000 	C:\WINDOWS\SYSTEM32\amdihk64.dll
0x00007ffe837f0000 - 0x00007ffe8383a000 	C:\WINDOWS\SYSTEM32\directxdatabasehelper.dll
0x00007ffe53900000 - 0x00007ffe53945000 	C:\Java\javafx-sdk-22.0.1\bin\glass.dll
0x00007ffe8a660000 - 0x00007ffe8a757000 	C:\WINDOWS\System32\COMDLG32.dll
0x00007ffe8acc0000 - 0x00007ffe8ae13000 	C:\WINDOWS\System32\MSCTF.dll
0x00007ffe8c1e0000 - 0x00007ffe8c290000 	C:\WINDOWS\System32\clbcatq.dll
0x00007ffe75c80000 - 0x00007ffe75df5000 	C:\Windows\System32\Windows.UI.dll
0x00007ffe56140000 - 0x00007ffe562b5000 	C:\Windows\System32\Windows.UI.Immersive.dll
0x00007ffe5daf0000 - 0x00007ffe5db05000 	C:\Java\javafx-sdk-22.0.1\bin\javafx_font.dll
0x00007ffe85660000 - 0x00007ffe858d4000 	C:\WINDOWS\SYSTEM32\dwrite.dll
0x00007ffe892d0000 - 0x00007ffe892f8000 	C:\WINDOWS\SYSTEM32\USERENV.dll

dbghelp: loaded successfully - version: 4.0.5 - missing functions: none
symbol engine: initialized successfully - sym options: 0x614 - pdb path: .;C:\Users\truon\.jdks\openjdk-21.0.2\bin;C:\WINDOWS\SYSTEM32;C:\WINDOWS\WinSxS\amd64_microsoft.windows.common-controls_6595b64144ccf1df_6.0.22621.3527_none_270e469b73872a76;C:\Users\truon\.jdks\openjdk-21.0.2\bin\server;C:\Windows\GearUPBooster;C:\Program Files\JetBrains\IntelliJ IDEA Community Edition 2022.3.3\bin;C:\Java\javafx-sdk-22.0.1\bin;C:\WINDOWS\System32\DriverStore\FileRepository\u0386187.inf_amd64_e45f6929dd019ce6\B385477;C:\Program Files\Common Files\Microsoft Shared\Ink

VM Arguments:
jvm_args: --module-path=C:\Java\javafx-sdk-22.0.1\lib --add-modules=javafx.controls,javafx.fxml -javaagent:C:\Program Files\JetBrains\IntelliJ IDEA Community Edition 2022.3.3\lib\idea_rt.jar=62472:C:\Program Files\JetBrains\IntelliJ IDEA Community Edition 2022.3.3\bin -Dfile.encoding=UTF-8 -Dsun.stdout.encoding=UTF-8 -Dsun.stderr.encoding=UTF-8 
java_command: App
java_class_path (initial): C:\Users\truon\Downloads\FP-insurance-claims-management\target\classes;C:\Users\truon\.m2\repository\com\google\code\gson\gson\2.10.1\gson-2.10.1.jar;C:\Users\truon\.m2\repository\commons-io\commons-io\2.15.1\commons-io-2.15.1.jar;C:\Users\truon\.m2\repository\io\github\palexdev\materialfx\11.17.0\materialfx-11.17.0.jar;C:\Users\truon\.m2\repository\io\github\palexdev\mfxcore\11.8.0\mfxcore-11.8.0.jar;C:\Users\truon\.m2\repository\io\github\palexdev\mfxlocalization\11.1.0\mfxlocalization-11.1.0.jar;C:\Users\truon\.m2\repository\org\openjfx\javafx-fxml\21\javafx-fxml-21.jar;C:\Users\truon\.m2\repository\org\openjfx\javafx-fxml\21\javafx-fxml-21-win.jar;C:\Users\truon\.m2\repository\io\github\palexdev\mfxresources\11.9.1\mfxresources-11.9.1.jar;C:\Users\truon\.m2\repository\io\github\palexdev\mfxeffects\11.3.0\mfxeffects-11.3.0.jar;C:\Users\truon\.m2\repository\io\github\palexdev\virtualizedfx\11.9.6\virtualizedfx-11.9.6.jar;C:\Users\truon\.m2\repository\org\postgresql\postgresql\42.7.3\postgresql-42.7.3.jar;C:\Users\truon\.m2\repository\org\checkerframework\checker-qual\3.42.0\checker-qual-3.42.0.jar;C:\Users\truon\.m2\repository\org\openjfx\javafx-controls\22.0.1\javafx-controls-22.0.1.jar;C:\Users\truon\.m2\repository\org\openjfx\javafx-controls\22.0.1\javafx-controls-22.0.1-win.jar;C:\Users\truon\.m2\repository\org\openjfx\javafx-graphics\22.0.1\javafx-graphics-22.0.1.jar;C:\Users\truon\.m2\repository\org\openjfx\javafx-graphics\22.0.1\javafx-graphics-22.0.1-win.jar;C:\Users\truon\.m2\repository\org\openjfx\javafx-base\22.0.1\javafx-base-22.0.1.jar;C:\Users\truon\.m2\repository\org\openjfx\javafx-base\22.0.1\javafx-base-22.0.1-win.jar
Launcher Type: SUN_STANDARD

[Global flags]
     intx CICompilerCount                          = 4                                         {product} {ergonomic}
     uint ConcGCThreads                            = 3                                         {product} {ergonomic}
     uint G1ConcRefinementThreads                  = 10                                        {product} {ergonomic}
   size_t G1HeapRegionSize                         = 2097152                                   {product} {ergonomic}
    uintx GCDrainStackTargetSize                   = 64                                        {product} {ergonomic}
   size_t InitialHeapSize                          = 232783872                                 {product} {ergonomic}
   size_t MarkStackSize                            = 4194304                                   {product} {ergonomic}
   size_t MaxHeapSize                              = 3720347648                                {product} {ergonomic}
   size_t MaxNewSize                               = 2231369728                                {product} {ergonomic}
   size_t MinHeapDeltaBytes                        = 2097152                                   {product} {ergonomic}
   size_t MinHeapSize                              = 8388608                                   {product} {ergonomic}
    uintx NonNMethodCodeHeapSize                   = 5839372                                {pd product} {ergonomic}
    uintx NonProfiledCodeHeapSize                  = 122909434                              {pd product} {ergonomic}
    uintx ProfiledCodeHeapSize                     = 122909434                              {pd product} {ergonomic}
    uintx ReservedCodeCacheSize                    = 251658240                              {pd product} {ergonomic}
     bool SegmentedCodeCache                       = true                                      {product} {ergonomic}
   size_t SoftMaxHeapSize                          = 3720347648                             {manageable} {ergonomic}
     bool UseCompressedOops                        = true                           {product lp64_product} {ergonomic}
     bool UseG1GC                                  = true                                      {product} {ergonomic}
     bool UseLargePagesIndividualAllocation        = false                                  {pd product} {ergonomic}

Logging:
Log output configuration:
 #0: stdout all=warning uptime,level,tags foldmultilines=false
 #1: stderr all=off uptime,level,tags foldmultilines=false

Environment Variables:
JAVA_HOME=C:\Program Files\Java\jdk-21
PATH=C:\Program Files\Common Files\Oracle\Java\javapath;C:\Windows\system32;C:\Windows;C:\Windows\System32\Wbem;C:\Windows\System32\WindowsPowerShell\v1.0\;C:\Windows\System32\OpenSSH\;C:\Program Files\NVIDIA Corporation\NVIDIA NvDLISR;C:\Program Files\Calibre2\;C:\WINDOWS\system32;C:\WINDOWS;C:\WINDOWS\System32\Wbem;C:\WINDOWS\System32\WindowsPowerShell\v1.0\;C:\WINDOWS\System32\OpenSSH\;C:\Program Files (x86)\GnuWin32\bin;C:\Program Files (x86)\Windows Kits\8.1\Windows Performance Toolkit\;C:\mingw64\bin;C:\Program Files (x86)\Windows Kits\10\Windows Performance Toolkit\;C:\msys64\ucrt64\bin;C:\Program Files\Java\jdk-21\bin;C:\Program Files\Microsoft SQL Server\Client SDK\ODBC\170\Tools\Binn\;C:\Program Files (x86)\Microsoft SQL Server\150\Tools\Binn\;C:\Program Files\Microsoft SQL Server\150\Tools\Binn\;C:\Program Files\Microsoft SQL Server\150\DTS\Binn\;C:\Program Files\Git\cmd;C:\Program Files\MySQL\MySQL Shell 8.0\bin\;C:\Users\truon\AppData\Local\Microsoft\WindowsApps;C:\Program Files\JetBrains\IntelliJ IDEA Community Edition 2022.3.3\bin;;C:\msys64\ucrt64\bin;C:\Users\truon\AppData\Local\Programs\Microsoft VS Code\bin;C:\mingw64\bin;C:\Users\truon\AppData\Local\GitHubDesktop\bin;C:\Users\truon\Downloads\apache-maven-3.9.6-bin\apache-maven-3.9.6\bin;
USERNAME=truon
OS=Windows_NT
PROCESSOR_IDENTIFIER=AMD64 Family 25 Model 80 Stepping 0, AuthenticAMD
TMP=C:\Users\truon\AppData\Local\Temp
TEMP=C:\Users\truon\AppData\Local\Temp




Periodic native trim disabled

---------------  S Y S T E M  ---------------

OS:
 Windows 11 , 64 bit Build 22621 (10.0.22621.3527)
OS uptime: 0 days 22:32 hours

CPU: total 12 (initial active 12) (12 cores per cpu, 2 threads per core) family 25 model 80 stepping 0 microcode 0x0, cx8, cmov, fxsr, ht, mmx, 3dnowpref, sse, sse2, sse3, ssse3, sse4a, sse4.1, sse4.2, popcnt, lzcnt, tsc, tscinvbit, avx, avx2, aes, erms, clmul, bmi1, bmi2, adx, sha, fma, vzeroupper, clflush, clflushopt, rdtscp, rdpid, fsrm, f16c, pku, cet_ss
Processor Information for all 12 processors :
  Max Mhz: 3301, Current Mhz: 3301, Mhz Limit: 3301

Memory: 4k page, system-wide physical 14188M (1323M free)
TotalPageFile size 16236M (AvailPageFile size 7M)
current process WorkingSet (physical memory assigned to process): 158M, peak: 158M
current process commit charge ("private bytes"): 385M, peak: 385M

vm_info: OpenJDK 64-Bit Server VM (21.0.2+13-58) for windows-amd64 JRE (21.0.2+13-58), built on 2024-01-05T18:32:24Z by "mach5one" with MS VC++ 17.1 (VS2022)

END.
