#
# There is insufficient memory for the Java Runtime Environment to continue.
# Native memory allocation (mmap) failed to map 232783872 bytes for G1 virtual space
# Possible reasons:
#   The system is out of physical RAM or swap space
#   The process is running with CompressedOops enabled, and the Java Heap may be blocking the growth of the native heap
# Possible solutions:
#   Reduce memory load on the system
#   Increase physical memory or swap space
#   Check if swap backing store is full
#   Decrease Java heap size (-Xmx/-Xms)
#   Decrease number of Java threads
#   Decrease Java thread stack sizes (-Xss)
#   Set larger code cache with -XX:ReservedCodeCacheSize=
#   JVM is running with Zero Based Compressed Oops mode in which the Java heap is
#     placed in the first 32GB address space. The Java Heap base address is the
#     maximum limit for the native heap growth. Please use -XX:HeapBaseMinAddress
#     to set the Java Heap base and to place the Java Heap above 32GB virtual address.
# This output file may be truncated or incomplete.
#
#  Out of Memory Error (os_windows.cpp:3825), pid=20372, tid=3396
#
# JRE version:  (17.0.10+1) (build )
# Java VM: OpenJDK 64-Bit Server VM (17.0.10+1-b1207.14, mixed mode, sharing, tiered, compressed oops, compressed class ptrs, g1 gc, windows-amd64)
# No core dump will be written. Minidumps are not enabled by default on client versions of Windows
#

---------------  S U M M A R Y ------------

Command Line: git4idea.http.GitAskPassApp Username for 'https://github.com': 

Host: AMD Ryzen 5 5600H with Radeon Graphics         , 12 cores, 13G,  Windows 11 , 64 bit Build 22621 (10.0.22621.3527)
Time: Fri May 10 17:38:22 2024 SE Asia Standard Time elapsed time: 0.011128 seconds (0d 0h 0m 0s)

---------------  T H R E A D  ---------------

Current thread (0x000001d05faa33d0):  JavaThread "Unknown thread" [_thread_in_vm, id=3396, stack(0x0000004ae3300000,0x0000004ae3400000)]

Stack: [0x0000004ae3300000,0x0000004ae3400000]
Native frames: (J=compiled Java code, j=interpreted, Vv=VM code, C=native code)
V  [jvm.dll+0x687989]
V  [jvm.dll+0x84116a]
V  [jvm.dll+0x842dae]
V  [jvm.dll+0x843413]
V  [jvm.dll+0x249ccf]
V  [jvm.dll+0x684759]
V  [jvm.dll+0x67900a]
V  [jvm.dll+0x30ab0b]
V  [jvm.dll+0x311fb6]
V  [jvm.dll+0x361d5e]
V  [jvm.dll+0x361f8f]
V  [jvm.dll+0x2e07f8]
V  [jvm.dll+0x2e1764]
V  [jvm.dll+0x811c31]
V  [jvm.dll+0x36fc11]
V  [jvm.dll+0x7f0666]
V  [jvm.dll+0x3f3daf]
V  [jvm.dll+0x3f5a41]
C  [jli.dll+0x528f]
C  [ucrtbase.dll+0x29333]
C  [KERNEL32.DLL+0x1257d]
C  [ntdll.dll+0x5aa48]


---------------  P R O C E S S  ---------------

Threads class SMR info:
_java_thread_list=0x00007ffd0123df58, length=0, elements={
}

Java Threads: ( => current thread )

Other Threads:
  0x000001d05fb04520 GCTaskThread "GC Thread#0" [stack: 0x0000004ae3400000,0x0000004ae3500000] [id=13244]
  0x000001d05fb13230 ConcurrentGCThread "G1 Main Marker" [stack: 0x0000004ae3500000,0x0000004ae3600000] [id=25836]
  0x000001d05fb15400 ConcurrentGCThread "G1 Conc#0" [stack: 0x0000004ae3600000,0x0000004ae3700000] [id=5512]

[error occurred during error reporting (printing all threads), id 0xc0000005, EXCEPTION_ACCESS_VIOLATION (0xc0000005) at pc=0x00007ffd009f13c7]

VM state: not at safepoint (not fully initialized)

VM Mutex/Monitor currently owned by a thread:  ([mutex/lock_event])
[0x000001d05d9cdf80] Heap_lock - owner thread: 0x000001d05faa33d0

Heap address: 0x0000000722400000, size: 3548 MB, Compressed Oops mode: Zero based, Oop shift amount: 3

CDS archive(s) mapped at: [0x0000000000000000-0x0000000000000000-0x0000000000000000), size 0, SharedBaseAddress: 0x0000000800000000, ArchiveRelocationMode: 1.
Narrow klass base: 0x0000000000000000, Narrow klass shift: 0, Narrow klass range: 0x0

GC Precious Log:
<Empty>

Heap:
 garbage-first heap   total 0K, used 0K [0x0000000722400000, 0x0000000800000000)
  region size 2048K, 0 young (0K), 0 survivors (0K)
 Metaspace       used 0K, committed 0K, reserved 0K
  class space    used 0K, committed 0K, reserved 0K

Heap Regions: E=young(eden), S=young(survivor), O=old, HS=humongous(starts), HC=humongous(continues), CS=collection set, F=free, OA=open archive, CA=closed archive, TAMS=top-at-mark-start (previous, next)

Card table byte_map: [0x000001d072e50000,0x000001d073540000] _byte_map_base: 0x000001d06f53e000

Marking Bits (Prev, Next): (CMBitMap*) 0x000001d05fb04b40, (CMBitMap*) 0x000001d05fb04b80
 Prev Bits: [0x000001d073c30000, 0x000001d0773a0000)
 Next Bits: [0x000001d0773a0000, 0x000001d07ab10000)

GC Heap History (0 events):
No events

Dll operation events (1 events):
Event: 0.007 Loaded shared library C:\Program Files\JetBrains\IntelliJ IDEA Community Edition 2022.3.3\jbr\bin\java.dll

Deoptimization events (0 events):
No events

Classes unloaded (0 events):
No events

Classes redefined (0 events):
No events

Internal exceptions (0 events):
No events

VM Operations (0 events):
No events

Events (0 events):
No events


Dynamic libraries:
0x00007ff65ced0000 - 0x00007ff65ceda000 	C:\Program Files\JetBrains\IntelliJ IDEA Community Edition 2022.3.3\jbr\bin\java.exe
0x00007ffd5bc90000 - 0x00007ffd5bea7000 	C:\WINDOWS\SYSTEM32\ntdll.dll
0x00007ffd5a790000 - 0x00007ffd5a854000 	C:\WINDOWS\System32\KERNEL32.DLL
0x00007ffd59240000 - 0x00007ffd595e7000 	C:\WINDOWS\System32\KERNELBASE.dll
0x00007ffd59120000 - 0x00007ffd59231000 	C:\WINDOWS\System32\ucrtbase.dll
0x00007ffd42770000 - 0x00007ffd42787000 	C:\Program Files\JetBrains\IntelliJ IDEA Community Edition 2022.3.3\jbr\bin\jli.dll
0x00007ffd302c0000 - 0x00007ffd302db000 	C:\Program Files\JetBrains\IntelliJ IDEA Community Edition 2022.3.3\jbr\bin\VCRUNTIME140.dll
0x00007ffd5afa0000 - 0x00007ffd5b14e000 	C:\WINDOWS\System32\USER32.dll
0x00007ffd595f0000 - 0x00007ffd59616000 	C:\WINDOWS\System32\win32u.dll
0x00007ffd47f90000 - 0x00007ffd48223000 	C:\WINDOWS\WinSxS\amd64_microsoft.windows.common-controls_6595b64144ccf1df_6.0.22621.3527_none_270e469b73872a76\COMCTL32.dll
0x00007ffd5b150000 - 0x00007ffd5b179000 	C:\WINDOWS\System32\GDI32.dll
0x00007ffd59780000 - 0x00007ffd59899000 	C:\WINDOWS\System32\gdi32full.dll
0x00007ffd5bba0000 - 0x00007ffd5bc47000 	C:\WINDOWS\System32\msvcrt.dll
0x00007ffd59920000 - 0x00007ffd599ba000 	C:\WINDOWS\System32\msvcp_win.dll
0x00007ffd5b7d0000 - 0x00007ffd5b801000 	C:\WINDOWS\System32\IMM32.DLL
0x00007ffd411e0000 - 0x00007ffd411ec000 	C:\Program Files\JetBrains\IntelliJ IDEA Community Edition 2022.3.3\jbr\bin\vcruntime140_1.dll
0x00007ffd142c0000 - 0x00007ffd1434d000 	C:\Program Files\JetBrains\IntelliJ IDEA Community Edition 2022.3.3\jbr\bin\msvcp140.dll
0x00007ffd00700000 - 0x00007ffd01382000 	C:\Program Files\JetBrains\IntelliJ IDEA Community Edition 2022.3.3\jbr\bin\server\jvm.dll
0x00007ffd5b190000 - 0x00007ffd5b242000 	C:\WINDOWS\System32\ADVAPI32.dll
0x00007ffd5aef0000 - 0x00007ffd5af98000 	C:\WINDOWS\System32\sechost.dll
0x00007ffd59620000 - 0x00007ffd59648000 	C:\WINDOWS\System32\bcrypt.dll
0x00007ffd5b6b0000 - 0x00007ffd5b7c5000 	C:\WINDOWS\System32\RPCRT4.dll
0x00007ffd57e30000 - 0x00007ffd57e7d000 	C:\WINDOWS\SYSTEM32\POWRPROF.dll
0x00007ffd55ad0000 - 0x00007ffd55ad9000 	C:\WINDOWS\SYSTEM32\WSOCK32.dll
0x00007ffd4e2c0000 - 0x00007ffd4e2f4000 	C:\WINDOWS\SYSTEM32\WINMM.dll
0x00007ffd50710000 - 0x00007ffd5071a000 	C:\WINDOWS\SYSTEM32\VERSION.dll
0x00007ffd5a710000 - 0x00007ffd5a781000 	C:\WINDOWS\System32\WS2_32.dll
0x00007ffd57e10000 - 0x00007ffd57e23000 	C:\WINDOWS\SYSTEM32\UMPDC.dll
0x00007ffd580c0000 - 0x00007ffd580d8000 	C:\WINDOWS\SYSTEM32\kernel.appcore.dll
0x00007ffd518a0000 - 0x00007ffd518aa000 	C:\Program Files\JetBrains\IntelliJ IDEA Community Edition 2022.3.3\jbr\bin\jimage.dll
0x00007ffd569a0000 - 0x00007ffd56bd3000 	C:\WINDOWS\SYSTEM32\DBGHELP.DLL
0x00007ffd5ab60000 - 0x00007ffd5aee8000 	C:\WINDOWS\System32\combase.dll
0x00007ffd5a9f0000 - 0x00007ffd5aac7000 	C:\WINDOWS\System32\OLEAUT32.dll
0x00007ffd388b0000 - 0x00007ffd388e2000 	C:\WINDOWS\SYSTEM32\dbgcore.DLL
0x00007ffd598a0000 - 0x00007ffd59919000 	C:\WINDOWS\System32\bcryptPrimitives.dll
0x00007ffd47a90000 - 0x00007ffd47ab5000 	C:\Program Files\JetBrains\IntelliJ IDEA Community Edition 2022.3.3\jbr\bin\java.dll

dbghelp: loaded successfully - version: 4.0.5 - missing functions: none
symbol engine: initialized successfully - sym options: 0x614 - pdb path: .;C:\Program Files\JetBrains\IntelliJ IDEA Community Edition 2022.3.3\jbr\bin;C:\WINDOWS\SYSTEM32;C:\WINDOWS\WinSxS\amd64_microsoft.windows.common-controls_6595b64144ccf1df_6.0.22621.3527_none_270e469b73872a76;C:\Program Files\JetBrains\IntelliJ IDEA Community Edition 2022.3.3\jbr\bin\server

VM Arguments:
java_command: git4idea.http.GitAskPassApp Username for 'https://github.com': 
java_class_path (initial): C:/Program Files/JetBrains/IntelliJ IDEA Community Edition 2022.3.3/plugins/vcs-git/lib/git4idea-rt.jar;C:/Program Files/JetBrains/IntelliJ IDEA Community Edition 2022.3.3/lib/externalProcess-rt.jar
Launcher Type: SUN_STANDARD

[Global flags]
     intx CICompilerCount                          = 4                                         {product} {ergonomic}
     uint ConcGCThreads                            = 3                                         {product} {ergonomic}
     uint G1ConcRefinementThreads                  = 10                                        {product} {ergonomic}
   size_t G1HeapRegionSize                         = 2097152                                   {product} {ergonomic}
    uintx GCDrainStackTargetSize                   = 64                                        {product} {ergonomic}
   size_t InitialHeapSize                          = 232783872                                 {product} {ergonomic}
   size_t MarkStackSize                            = 4194304                                   {product} {ergonomic}
   size_t MaxHeapSize                              = 3720347648                                {product} {ergonomic}
   size_t MinHeapDeltaBytes                        = 2097152                                   {product} {ergonomic}
   size_t MinHeapSize                              = 8388608                                   {product} {ergonomic}
    uintx NonNMethodCodeHeapSize                   = 5839372                                {pd product} {ergonomic}
    uintx NonProfiledCodeHeapSize                  = 122909434                              {pd product} {ergonomic}
    uintx ProfiledCodeHeapSize                     = 122909434                              {pd product} {ergonomic}
    uintx ReservedCodeCacheSize                    = 251658240                              {pd product} {ergonomic}
     bool SegmentedCodeCache                       = true                                      {product} {ergonomic}
   size_t SoftMaxHeapSize                          = 3720347648                             {manageable} {ergonomic}
     bool UseCompressedClassPointers               = true                           {product lp64_product} {ergonomic}
     bool UseCompressedOops                        = true                           {product lp64_product} {ergonomic}
     bool UseG1GC                                  = true                                      {product} {ergonomic}
     bool UseLargePagesIndividualAllocation        = false                                  {pd product} {ergonomic}

Logging:
Log output configuration:
 #0: stdout all=warning uptime,level,tags
 #1: stderr all=off uptime,level,tags

Environment Variables:
JAVA_HOME=C:\Program Files\Java\jdk-21
PATH=C:\Program Files\Git\mingw64\libexec\git-core;C:\Program Files\Git\mingw64\libexec\git-core;C:\Program Files\Git\mingw64\bin;C:\Program Files\Git\usr\bin;C:\Users\truon\bin;C:\Program Files\Common Files\Oracle\Java\javapath;C:\Windows\system32;C:\Windows;C:\Windows\System32\Wbem;C:\Windows\System32\WindowsPowerShell\v1.0;C:\Windows\System32\OpenSSH;C:\Program Files\NVIDIA Corporation\NVIDIA NvDLISR;C:\Program Files\Calibre2;C:\WINDOWS\system32;C:\WINDOWS;C:\WINDOWS\System32\Wbem;C:\WINDOWS\System32\WindowsPowerShell\v1.0;C:\WINDOWS\System32\OpenSSH;C:\Program Files (x86)\GnuWin32\bin;C:\Program Files (x86)\Windows Kits\8.1\Windows Performance Toolkit;C:\mingw64\bin;C:\Program Files (x86)\Windows Kits\10\Windows Performance Toolkit;C:\msys64\ucrt64\bin;C:\Program Files\Java\jdk-21\bin;C:\Program Files\Microsoft SQL Server\Client SDK\ODBC\170\Tools\Binn;C:\Program Files (x86)\Microsoft SQL Server\150\Tools\Binn;C:\Program Files\Microsoft SQL Server\150\Tools\Binn;C:\Program Files\Microsoft SQL Server\150\DTS\Binn;C:\Program Files\Git\cmd;C:\Users\truon\scoop\shims;C:\Program Files\MySQL\MySQL Shell 8.0\bin;C:\Users\truon\AppData\Local\Microsoft\WindowsApps;C:\Program Files\JetBrains\IntelliJ IDEA Community Edition 2022.3.3\bin;C:\msys64\ucrt64\bin;C:\Users\truon\AppData\Local\Programs\Microsoft VS Code\bin;C:\mingw64\bin;C:\Users\truon\AppData\Local\GitHubDesktop\bin;C:\Users\truon\Downloads\apache-maven-3.9.6-bin\apache-maven-3.9.6\bin
USERNAME=truon
DISPLAY=:0.0
LC_ALL=en_US.UTF-8
TERM=xterm-256color
TMPDIR=C:\Users\truon\AppData\Local\Temp
OS=Windows_NT
PROCESSOR_IDENTIFIER=AMD64 Family 25 Model 80 Stepping 0, AuthenticAMD
TMP=C:\Users\truon\AppData\Local\Temp
TEMP=C:\Users\truon\AppData\Local\Temp



Periodic native trim disabled

JNI global refs:
JNI global refs: 0, weak refs: 0

JNI global refs memory usage: 0, weak refs: 0

OOME stack traces (most recent first):
Classloader memory used:


---------------  S Y S T E M  ---------------

OS:
 Windows 11 , 64 bit Build 22621 (10.0.22621.3527)
OS uptime: 0 days 7:03 hours

CPU: total 12 (initial active 12) (12 cores per cpu, 2 threads per core) family 25 model 80 stepping 0 microcode 0x0, cx8, cmov, fxsr, ht, mmx, 3dnowpref, sse, sse2, sse3, ssse3, sse4a, sse4.1, sse4.2, popcnt, lzcnt, tsc, tscinvbit, avx, avx2, aes, erms, clmul, bmi1, bmi2, adx, sha, fma, vzeroupper, clflush, clflushopt
Processor Information for processor 0
  Max Mhz: 3301, Current Mhz: 3301, Mhz Limit: 3301
Processor Information for processor 1
  Max Mhz: 3301, Current Mhz: 2630, Mhz Limit: 3301
Processor Information for processor 2
  Max Mhz: 3301, Current Mhz: 3301, Mhz Limit: 3301
Processor Information for processor 3
  Max Mhz: 3301, Current Mhz: 3301, Mhz Limit: 3301
Processor Information for processor 4
  Max Mhz: 3301, Current Mhz: 3301, Mhz Limit: 3301
Processor Information for processor 5
  Max Mhz: 3301, Current Mhz: 2630, Mhz Limit: 3301
Processor Information for processor 6
  Max Mhz: 3301, Current Mhz: 3301, Mhz Limit: 3301
Processor Information for processor 7
  Max Mhz: 3301, Current Mhz: 3301, Mhz Limit: 3301
Processor Information for processor 8
  Max Mhz: 3301, Current Mhz: 3301, Mhz Limit: 3301
Processor Information for processor 9
  Max Mhz: 3301, Current Mhz: 2630, Mhz Limit: 3301
Processor Information for processor 10
  Max Mhz: 3301, Current Mhz: 3301, Mhz Limit: 3301
Processor Information for processor 11
  Max Mhz: 3301, Current Mhz: 2630, Mhz Limit: 3301

Memory: 4k page, system-wide physical 14188M (2686M free)
TotalPageFile size 16236M (AvailPageFile size 109M)
current process WorkingSet (physical memory assigned to process): 11M, peak: 11M
current process commit charge ("private bytes"): 64M, peak: 286M

vm_info: OpenJDK 64-Bit Server VM (17.0.10+1-b1207.14) for windows-amd64 JRE (17.0.10+1-b1207.14), built on 2024-04-05 by "builduser" with MS VC++ 16.10 / 16.11 (VS2019)

END.
