#
# There is insufficient memory for the Java Runtime Environment to continue.
# Native memory allocation (malloc) failed to allocate 698096 bytes for Chunk::new
# Possible reasons:
#   The system is out of physical RAM or swap space
#   The process is running with CompressedOops enabled, and the Java Heap may be blocking the growth of the native heap
# Possible solutions:
#   Reduce memory load on the system
#   Increase physical memory or swap space
#   Check if swap backing store is full
#   Decrease Java heap size (-Xmx/-Xms)
#   Decrease number of Java threads
#   Decrease Java thread stack sizes (-Xss)
#   Set larger code cache with -XX:ReservedCodeCacheSize=
#   JVM is running with Zero Based Compressed Oops mode in which the Java heap is
#     placed in the first 32GB address space. The Java Heap base address is the
#     maximum limit for the native heap growth. Please use -XX:HeapBaseMinAddress
#     to set the Java Heap base and to place the Java Heap above 32GB virtual address.
# This output file may be truncated or incomplete.
#
#  Out of Memory Error (arena.cpp:168), pid=34624, tid=28580
#
# JRE version: OpenJDK Runtime Environment (21.0.2+13) (build 21.0.2+13-58)
# Java VM: OpenJDK 64-Bit Server VM (21.0.2+13-58, mixed mode, sharing, tiered, compressed oops, compressed class ptrs, g1 gc, windows-amd64)
# No core dump will be written. Minidumps are not enabled by default on client versions of Windows
#

---------------  S U M M A R Y ------------

Command Line: --module-path=C:\Java\javafx-sdk-22.0.1\lib --add-modules=javafx.controls,javafx.fxml -javaagent:C:\Program Files\JetBrains\IntelliJ IDEA Community Edition 2022.3.3\lib\idea_rt.jar=63766:C:\Program Files\JetBrains\IntelliJ IDEA Community Edition 2022.3.3\bin -Dfile.encoding=UTF-8 -Dsun.stdout.encoding=UTF-8 -Dsun.stderr.encoding=UTF-8 App

Host: AMD Ryzen 5 5600H with Radeon Graphics         , 12 cores, 13G,  Windows 11 , 64 bit Build 22621 (10.0.22621.3527)
Time: Thu May  9 18:11:35 2024 SE Asia Standard Time elapsed time: 0.168451 seconds (0d 0h 0m 0s)

---------------  T H R E A D  ---------------

Current thread (0x00000232a289f210):  JavaThread "C2 CompilerThread1" daemon [_thread_in_native, id=28580, stack(0x00000034cd300000,0x00000034cd400000) (1024K)]


Current CompileTask:
C2:    168  314       4       java.util.stream.ReferencePipeline$3$1::accept (23 bytes)

Stack: [0x00000034cd300000,0x00000034cd400000]
Native frames: (J=compiled Java code, j=interpreted, Vv=VM code, C=native code)
V  [jvm.dll+0x6cade9]
V  [jvm.dll+0x8569c1]
V  [jvm.dll+0x858d2e]
V  [jvm.dll+0x859413]
V  [jvm.dll+0x280e56]
V  [jvm.dll+0xc3f3d]
V  [jvm.dll+0xc4473]
V  [jvm.dll+0x2f437f]
V  [jvm.dll+0x5f5056]
V  [jvm.dll+0x252d7f]
V  [jvm.dll+0x24b637]
V  [jvm.dll+0x2490a3]
V  [jvm.dll+0x1c9634]
V  [jvm.dll+0x258859]
V  [jvm.dll+0x256e3a]
V  [jvm.dll+0x3ef6c6]
V  [jvm.dll+0x7ff568]
V  [jvm.dll+0x6c953d]
C  [ucrtbase.dll+0x29333]
C  [KERNEL32.DLL+0x1257d]
C  [ntdll.dll+0x5aa48]


---------------  P R O C E S S  ---------------

Threads class SMR info:
_java_thread_list=0x00000232a2af5d70, length=14, elements={
0x00000232818c5cc0, 0x00000232a2624130, 0x00000232a2625050, 0x00000232a262e370,
0x00000232a262f460, 0x00000232a2632670, 0x00000232a26369c0, 0x00000232a263d660,
0x00000232a2662250, 0x00000232a2857710, 0x00000232a289f210, 0x00000232a289f8c0,
0x00000232a2aa21e0, 0x00000232e8eb3770
}

Java Threads: ( => current thread )
  0x00000232818c5cc0 JavaThread "main"                              [_thread_in_vm, id=9344, stack(0x00000034cc100000,0x00000034cc200000) (1024K)]
  0x00000232a2624130 JavaThread "Reference Handler"          daemon [_thread_blocked, id=19400, stack(0x00000034cc900000,0x00000034cca00000) (1024K)]
  0x00000232a2625050 JavaThread "Finalizer"                  daemon [_thread_blocked, id=32900, stack(0x00000034cca00000,0x00000034ccb00000) (1024K)]
  0x00000232a262e370 JavaThread "Signal Dispatcher"          daemon [_thread_blocked, id=28012, stack(0x00000034ccb00000,0x00000034ccc00000) (1024K)]
  0x00000232a262f460 JavaThread "Attach Listener"            daemon [_thread_blocked, id=31188, stack(0x00000034ccc00000,0x00000034ccd00000) (1024K)]
  0x00000232a2632670 JavaThread "Service Thread"             daemon [_thread_blocked, id=19920, stack(0x00000034ccd00000,0x00000034cce00000) (1024K)]
  0x00000232a26369c0 JavaThread "Monitor Deflation Thread"   daemon [_thread_blocked, id=24804, stack(0x00000034cce00000,0x00000034ccf00000) (1024K)]
  0x00000232a263d660 JavaThread "C2 CompilerThread0"         daemon [_thread_blocked, id=19160, stack(0x00000034ccf00000,0x00000034cd000000) (1024K)]
  0x00000232a2662250 JavaThread "C1 CompilerThread0"         daemon [_thread_in_native, id=27528, stack(0x00000034cd000000,0x00000034cd100000) (1024K)]
  0x00000232a2857710 JavaThread "Common-Cleaner"             daemon [_thread_blocked, id=16648, stack(0x00000034cd100000,0x00000034cd200000) (1024K)]
=>0x00000232a289f210 JavaThread "C2 CompilerThread1"         daemon [_thread_in_native, id=28580, stack(0x00000034cd300000,0x00000034cd400000) (1024K)]
  0x00000232a289f8c0 JavaThread "C2 CompilerThread2"         daemon [_thread_blocked, id=12432, stack(0x00000034cd400000,0x00000034cd500000) (1024K)]
  0x00000232a2aa21e0 JavaThread "Monitor Ctrl-Break"         daemon [_thread_in_native, id=32240, stack(0x00000034cd500000,0x00000034cd600000) (1024K)]
  0x00000232e8eb3770 JavaThread "Notification Thread"        daemon [_thread_blocked, id=30076, stack(0x00000034cd600000,0x00000034cd700000) (1024K)]
Total: 14

Other Threads:
  0x00000232a260acc0 VMThread "VM Thread"                           [id=15916, stack(0x00000034cc800000,0x00000034cc900000) (1024K)]
  0x00000232a25f0d40 WatcherThread "VM Periodic Task Thread"        [id=4436, stack(0x00000034cc700000,0x00000034cc800000) (1024K)]
  0x0000023281b6ab60 WorkerThread "GC Thread#0"                     [id=34184, stack(0x00000034cc200000,0x00000034cc300000) (1024K)]
  0x0000023281b7aac0 ConcurrentGCThread "G1 Main Marker"            [id=33696, stack(0x00000034cc300000,0x00000034cc400000) (1024K)]
  0x0000023281b7bd60 WorkerThread "G1 Conc#0"                       [id=22480, stack(0x00000034cc400000,0x00000034cc500000) (1024K)]
  0x00000232a24c7510 ConcurrentGCThread "G1 Refine#0"               [id=2212, stack(0x00000034cc500000,0x00000034cc600000) (1024K)]
  0x0000023281bcd330 ConcurrentGCThread "G1 Service"                [id=28712, stack(0x00000034cc600000,0x00000034cc700000) (1024K)]
Total: 7

Threads with active compile tasks:
C2 CompilerThread1      185  314       4       java.util.stream.ReferencePipeline$3$1::accept (23 bytes)
Total: 1

VM state: not at safepoint (normal execution)

VM Mutex/Monitor currently owned by a thread: None

Heap address: 0x0000000722400000, size: 3548 MB, Compressed Oops mode: Zero based, Oop shift amount: 3

CDS archive(s) mapped at: [0x00000232a3000000-0x00000232a3c90000-0x00000232a3c90000), size 13172736, SharedBaseAddress: 0x00000232a3000000, ArchiveRelocationMode: 1.
Compressed class space mapped at: 0x00000232a4000000-0x00000232e4000000, reserved size: 1073741824
Narrow klass base: 0x00000232a3000000, Narrow klass shift: 0, Narrow klass range: 0x100000000

GC Precious Log:
 CardTable entry size: 512
 Card Set container configuration: InlinePtr #cards 4 size 8 Array Of Cards #cards 16 size 48 Howl #buckets 8 coarsen threshold 3686 Howl Bitmap #cards 512 size 80 coarsen threshold 460 Card regions per heap region 1 cards per card region 4096
 CPUs: 12 total, 12 available
 Memory: 14188M
 Large Page Support: Disabled
 NUMA Support: Disabled
 Compressed Oops: Enabled (Zero based)
 Heap Region Size: 2M
 Heap Min Capacity: 8M
 Heap Initial Capacity: 222M
 Heap Max Capacity: 3548M
 Pre-touch: Disabled
 Parallel Workers: 10
 Concurrent Workers: 3
 Concurrent Refinement Workers: 10
 Periodic GC: Disabled

Heap:
 garbage-first heap   total 227328K, used 10240K [0x0000000722400000, 0x0000000800000000)
  region size 2048K, 6 young (12288K), 0 survivors (0K)
 Metaspace       used 1402K, committed 1536K, reserved 1114112K
  class space    used 133K, committed 192K, reserved 1048576K

Heap Regions: E=young(eden), S=young(survivor), O=old, HS=humongous(starts), HC=humongous(continues), CS=collection set, F=free, TAMS=top-at-mark-start, PB=parsable bottom
|   0|0x0000000722400000, 0x0000000722400000, 0x0000000722600000|  0%| F|  |TAMS 0x0000000722400000| PB 0x0000000722400000| Untracked 
|   1|0x0000000722600000, 0x0000000722600000, 0x0000000722800000|  0%| F|  |TAMS 0x0000000722600000| PB 0x0000000722600000| Untracked 
|   2|0x0000000722800000, 0x0000000722800000, 0x0000000722a00000|  0%| F|  |TAMS 0x0000000722800000| PB 0x0000000722800000| Untracked 
|   3|0x0000000722a00000, 0x0000000722a00000, 0x0000000722c00000|  0%| F|  |TAMS 0x0000000722a00000| PB 0x0000000722a00000| Untracked 
|   4|0x0000000722c00000, 0x0000000722c00000, 0x0000000722e00000|  0%| F|  |TAMS 0x0000000722c00000| PB 0x0000000722c00000| Untracked 
|   5|0x0000000722e00000, 0x0000000722e00000, 0x0000000723000000|  0%| F|  |TAMS 0x0000000722e00000| PB 0x0000000722e00000| Untracked 
|   6|0x0000000723000000, 0x0000000723000000, 0x0000000723200000|  0%| F|  |TAMS 0x0000000723000000| PB 0x0000000723000000| Untracked 
|   7|0x0000000723200000, 0x0000000723200000, 0x0000000723400000|  0%| F|  |TAMS 0x0000000723200000| PB 0x0000000723200000| Untracked 
|   8|0x0000000723400000, 0x0000000723400000, 0x0000000723600000|  0%| F|  |TAMS 0x0000000723400000| PB 0x0000000723400000| Untracked 
|   9|0x0000000723600000, 0x0000000723600000, 0x0000000723800000|  0%| F|  |TAMS 0x0000000723600000| PB 0x0000000723600000| Untracked 
|  10|0x0000000723800000, 0x0000000723800000, 0x0000000723a00000|  0%| F|  |TAMS 0x0000000723800000| PB 0x0000000723800000| Untracked 
|  11|0x0000000723a00000, 0x0000000723a00000, 0x0000000723c00000|  0%| F|  |TAMS 0x0000000723a00000| PB 0x0000000723a00000| Untracked 
|  12|0x0000000723c00000, 0x0000000723c00000, 0x0000000723e00000|  0%| F|  |TAMS 0x0000000723c00000| PB 0x0000000723c00000| Untracked 
|  13|0x0000000723e00000, 0x0000000723e00000, 0x0000000724000000|  0%| F|  |TAMS 0x0000000723e00000| PB 0x0000000723e00000| Untracked 
|  14|0x0000000724000000, 0x0000000724000000, 0x0000000724200000|  0%| F|  |TAMS 0x0000000724000000| PB 0x0000000724000000| Untracked 
|  15|0x0000000724200000, 0x0000000724200000, 0x0000000724400000|  0%| F|  |TAMS 0x0000000724200000| PB 0x0000000724200000| Untracked 
|  16|0x0000000724400000, 0x0000000724400000, 0x0000000724600000|  0%| F|  |TAMS 0x0000000724400000| PB 0x0000000724400000| Untracked 
|  17|0x0000000724600000, 0x0000000724600000, 0x0000000724800000|  0%| F|  |TAMS 0x0000000724600000| PB 0x0000000724600000| Untracked 
|  18|0x0000000724800000, 0x0000000724800000, 0x0000000724a00000|  0%| F|  |TAMS 0x0000000724800000| PB 0x0000000724800000| Untracked 
|  19|0x0000000724a00000, 0x0000000724a00000, 0x0000000724c00000|  0%| F|  |TAMS 0x0000000724a00000| PB 0x0000000724a00000| Untracked 
|  20|0x0000000724c00000, 0x0000000724c00000, 0x0000000724e00000|  0%| F|  |TAMS 0x0000000724c00000| PB 0x0000000724c00000| Untracked 
|  21|0x0000000724e00000, 0x0000000724e00000, 0x0000000725000000|  0%| F|  |TAMS 0x0000000724e00000| PB 0x0000000724e00000| Untracked 
|  22|0x0000000725000000, 0x0000000725000000, 0x0000000725200000|  0%| F|  |TAMS 0x0000000725000000| PB 0x0000000725000000| Untracked 
|  23|0x0000000725200000, 0x0000000725200000, 0x0000000725400000|  0%| F|  |TAMS 0x0000000725200000| PB 0x0000000725200000| Untracked 
|  24|0x0000000725400000, 0x0000000725400000, 0x0000000725600000|  0%| F|  |TAMS 0x0000000725400000| PB 0x0000000725400000| Untracked 
|  25|0x0000000725600000, 0x0000000725600000, 0x0000000725800000|  0%| F|  |TAMS 0x0000000725600000| PB 0x0000000725600000| Untracked 
|  26|0x0000000725800000, 0x0000000725800000, 0x0000000725a00000|  0%| F|  |TAMS 0x0000000725800000| PB 0x0000000725800000| Untracked 
|  27|0x0000000725a00000, 0x0000000725a00000, 0x0000000725c00000|  0%| F|  |TAMS 0x0000000725a00000| PB 0x0000000725a00000| Untracked 
|  28|0x0000000725c00000, 0x0000000725c00000, 0x0000000725e00000|  0%| F|  |TAMS 0x0000000725c00000| PB 0x0000000725c00000| Untracked 
|  29|0x0000000725e00000, 0x0000000725e00000, 0x0000000726000000|  0%| F|  |TAMS 0x0000000725e00000| PB 0x0000000725e00000| Untracked 
|  30|0x0000000726000000, 0x0000000726000000, 0x0000000726200000|  0%| F|  |TAMS 0x0000000726000000| PB 0x0000000726000000| Untracked 
|  31|0x0000000726200000, 0x0000000726200000, 0x0000000726400000|  0%| F|  |TAMS 0x0000000726200000| PB 0x0000000726200000| Untracked 
|  32|0x0000000726400000, 0x0000000726400000, 0x0000000726600000|  0%| F|  |TAMS 0x0000000726400000| PB 0x0000000726400000| Untracked 
|  33|0x0000000726600000, 0x0000000726600000, 0x0000000726800000|  0%| F|  |TAMS 0x0000000726600000| PB 0x0000000726600000| Untracked 
|  34|0x0000000726800000, 0x0000000726800000, 0x0000000726a00000|  0%| F|  |TAMS 0x0000000726800000| PB 0x0000000726800000| Untracked 
|  35|0x0000000726a00000, 0x0000000726a00000, 0x0000000726c00000|  0%| F|  |TAMS 0x0000000726a00000| PB 0x0000000726a00000| Untracked 
|  36|0x0000000726c00000, 0x0000000726c00000, 0x0000000726e00000|  0%| F|  |TAMS 0x0000000726c00000| PB 0x0000000726c00000| Untracked 
|  37|0x0000000726e00000, 0x0000000726e00000, 0x0000000727000000|  0%| F|  |TAMS 0x0000000726e00000| PB 0x0000000726e00000| Untracked 
|  38|0x0000000727000000, 0x0000000727000000, 0x0000000727200000|  0%| F|  |TAMS 0x0000000727000000| PB 0x0000000727000000| Untracked 
|  39|0x0000000727200000, 0x0000000727200000, 0x0000000727400000|  0%| F|  |TAMS 0x0000000727200000| PB 0x0000000727200000| Untracked 
|  40|0x0000000727400000, 0x0000000727400000, 0x0000000727600000|  0%| F|  |TAMS 0x0000000727400000| PB 0x0000000727400000| Untracked 
|  41|0x0000000727600000, 0x0000000727600000, 0x0000000727800000|  0%| F|  |TAMS 0x0000000727600000| PB 0x0000000727600000| Untracked 
|  42|0x0000000727800000, 0x0000000727800000, 0x0000000727a00000|  0%| F|  |TAMS 0x0000000727800000| PB 0x0000000727800000| Untracked 
|  43|0x0000000727a00000, 0x0000000727a00000, 0x0000000727c00000|  0%| F|  |TAMS 0x0000000727a00000| PB 0x0000000727a00000| Untracked 
|  44|0x0000000727c00000, 0x0000000727c00000, 0x0000000727e00000|  0%| F|  |TAMS 0x0000000727c00000| PB 0x0000000727c00000| Untracked 
|  45|0x0000000727e00000, 0x0000000727e00000, 0x0000000728000000|  0%| F|  |TAMS 0x0000000727e00000| PB 0x0000000727e00000| Untracked 
|  46|0x0000000728000000, 0x0000000728000000, 0x0000000728200000|  0%| F|  |TAMS 0x0000000728000000| PB 0x0000000728000000| Untracked 
|  47|0x0000000728200000, 0x0000000728200000, 0x0000000728400000|  0%| F|  |TAMS 0x0000000728200000| PB 0x0000000728200000| Untracked 
|  48|0x0000000728400000, 0x0000000728400000, 0x0000000728600000|  0%| F|  |TAMS 0x0000000728400000| PB 0x0000000728400000| Untracked 
|  49|0x0000000728600000, 0x0000000728600000, 0x0000000728800000|  0%| F|  |TAMS 0x0000000728600000| PB 0x0000000728600000| Untracked 
|  50|0x0000000728800000, 0x0000000728800000, 0x0000000728a00000|  0%| F|  |TAMS 0x0000000728800000| PB 0x0000000728800000| Untracked 
|  51|0x0000000728a00000, 0x0000000728a00000, 0x0000000728c00000|  0%| F|  |TAMS 0x0000000728a00000| PB 0x0000000728a00000| Untracked 
|  52|0x0000000728c00000, 0x0000000728c00000, 0x0000000728e00000|  0%| F|  |TAMS 0x0000000728c00000| PB 0x0000000728c00000| Untracked 
|  53|0x0000000728e00000, 0x0000000728e00000, 0x0000000729000000|  0%| F|  |TAMS 0x0000000728e00000| PB 0x0000000728e00000| Untracked 
|  54|0x0000000729000000, 0x0000000729000000, 0x0000000729200000|  0%| F|  |TAMS 0x0000000729000000| PB 0x0000000729000000| Untracked 
|  55|0x0000000729200000, 0x0000000729200000, 0x0000000729400000|  0%| F|  |TAMS 0x0000000729200000| PB 0x0000000729200000| Untracked 
|  56|0x0000000729400000, 0x0000000729400000, 0x0000000729600000|  0%| F|  |TAMS 0x0000000729400000| PB 0x0000000729400000| Untracked 
|  57|0x0000000729600000, 0x0000000729600000, 0x0000000729800000|  0%| F|  |TAMS 0x0000000729600000| PB 0x0000000729600000| Untracked 
|  58|0x0000000729800000, 0x0000000729800000, 0x0000000729a00000|  0%| F|  |TAMS 0x0000000729800000| PB 0x0000000729800000| Untracked 
|  59|0x0000000729a00000, 0x0000000729a00000, 0x0000000729c00000|  0%| F|  |TAMS 0x0000000729a00000| PB 0x0000000729a00000| Untracked 
|  60|0x0000000729c00000, 0x0000000729c00000, 0x0000000729e00000|  0%| F|  |TAMS 0x0000000729c00000| PB 0x0000000729c00000| Untracked 
|  61|0x0000000729e00000, 0x0000000729e00000, 0x000000072a000000|  0%| F|  |TAMS 0x0000000729e00000| PB 0x0000000729e00000| Untracked 
|  62|0x000000072a000000, 0x000000072a000000, 0x000000072a200000|  0%| F|  |TAMS 0x000000072a000000| PB 0x000000072a000000| Untracked 
|  63|0x000000072a200000, 0x000000072a200000, 0x000000072a400000|  0%| F|  |TAMS 0x000000072a200000| PB 0x000000072a200000| Untracked 
|  64|0x000000072a400000, 0x000000072a400000, 0x000000072a600000|  0%| F|  |TAMS 0x000000072a400000| PB 0x000000072a400000| Untracked 
|  65|0x000000072a600000, 0x000000072a600000, 0x000000072a800000|  0%| F|  |TAMS 0x000000072a600000| PB 0x000000072a600000| Untracked 
|  66|0x000000072a800000, 0x000000072a800000, 0x000000072aa00000|  0%| F|  |TAMS 0x000000072a800000| PB 0x000000072a800000| Untracked 
|  67|0x000000072aa00000, 0x000000072aa00000, 0x000000072ac00000|  0%| F|  |TAMS 0x000000072aa00000| PB 0x000000072aa00000| Untracked 
|  68|0x000000072ac00000, 0x000000072ac00000, 0x000000072ae00000|  0%| F|  |TAMS 0x000000072ac00000| PB 0x000000072ac00000| Untracked 
|  69|0x000000072ae00000, 0x000000072ae00000, 0x000000072b000000|  0%| F|  |TAMS 0x000000072ae00000| PB 0x000000072ae00000| Untracked 
|  70|0x000000072b000000, 0x000000072b000000, 0x000000072b200000|  0%| F|  |TAMS 0x000000072b000000| PB 0x000000072b000000| Untracked 
|  71|0x000000072b200000, 0x000000072b200000, 0x000000072b400000|  0%| F|  |TAMS 0x000000072b200000| PB 0x000000072b200000| Untracked 
|  72|0x000000072b400000, 0x000000072b400000, 0x000000072b600000|  0%| F|  |TAMS 0x000000072b400000| PB 0x000000072b400000| Untracked 
|  73|0x000000072b600000, 0x000000072b600000, 0x000000072b800000|  0%| F|  |TAMS 0x000000072b600000| PB 0x000000072b600000| Untracked 
|  74|0x000000072b800000, 0x000000072b800000, 0x000000072ba00000|  0%| F|  |TAMS 0x000000072b800000| PB 0x000000072b800000| Untracked 
|  75|0x000000072ba00000, 0x000000072ba00000, 0x000000072bc00000|  0%| F|  |TAMS 0x000000072ba00000| PB 0x000000072ba00000| Untracked 
|  76|0x000000072bc00000, 0x000000072bc00000, 0x000000072be00000|  0%| F|  |TAMS 0x000000072bc00000| PB 0x000000072bc00000| Untracked 
|  77|0x000000072be00000, 0x000000072be00000, 0x000000072c000000|  0%| F|  |TAMS 0x000000072be00000| PB 0x000000072be00000| Untracked 
|  78|0x000000072c000000, 0x000000072c000000, 0x000000072c200000|  0%| F|  |TAMS 0x000000072c000000| PB 0x000000072c000000| Untracked 
|  79|0x000000072c200000, 0x000000072c200000, 0x000000072c400000|  0%| F|  |TAMS 0x000000072c200000| PB 0x000000072c200000| Untracked 
|  80|0x000000072c400000, 0x000000072c400000, 0x000000072c600000|  0%| F|  |TAMS 0x000000072c400000| PB 0x000000072c400000| Untracked 
|  81|0x000000072c600000, 0x000000072c600000, 0x000000072c800000|  0%| F|  |TAMS 0x000000072c600000| PB 0x000000072c600000| Untracked 
|  82|0x000000072c800000, 0x000000072c800000, 0x000000072ca00000|  0%| F|  |TAMS 0x000000072c800000| PB 0x000000072c800000| Untracked 
|  83|0x000000072ca00000, 0x000000072ca00000, 0x000000072cc00000|  0%| F|  |TAMS 0x000000072ca00000| PB 0x000000072ca00000| Untracked 
|  84|0x000000072cc00000, 0x000000072cc00000, 0x000000072ce00000|  0%| F|  |TAMS 0x000000072cc00000| PB 0x000000072cc00000| Untracked 
|  85|0x000000072ce00000, 0x000000072ce00000, 0x000000072d000000|  0%| F|  |TAMS 0x000000072ce00000| PB 0x000000072ce00000| Untracked 
|  86|0x000000072d000000, 0x000000072d000000, 0x000000072d200000|  0%| F|  |TAMS 0x000000072d000000| PB 0x000000072d000000| Untracked 
|  87|0x000000072d200000, 0x000000072d200000, 0x000000072d400000|  0%| F|  |TAMS 0x000000072d200000| PB 0x000000072d200000| Untracked 
|  88|0x000000072d400000, 0x000000072d400000, 0x000000072d600000|  0%| F|  |TAMS 0x000000072d400000| PB 0x000000072d400000| Untracked 
|  89|0x000000072d600000, 0x000000072d600000, 0x000000072d800000|  0%| F|  |TAMS 0x000000072d600000| PB 0x000000072d600000| Untracked 
|  90|0x000000072d800000, 0x000000072d800000, 0x000000072da00000|  0%| F|  |TAMS 0x000000072d800000| PB 0x000000072d800000| Untracked 
|  91|0x000000072da00000, 0x000000072da00000, 0x000000072dc00000|  0%| F|  |TAMS 0x000000072da00000| PB 0x000000072da00000| Untracked 
|  92|0x000000072dc00000, 0x000000072dc00000, 0x000000072de00000|  0%| F|  |TAMS 0x000000072dc00000| PB 0x000000072dc00000| Untracked 
|  93|0x000000072de00000, 0x000000072de00000, 0x000000072e000000|  0%| F|  |TAMS 0x000000072de00000| PB 0x000000072de00000| Untracked 
|  94|0x000000072e000000, 0x000000072e000000, 0x000000072e200000|  0%| F|  |TAMS 0x000000072e000000| PB 0x000000072e000000| Untracked 
|  95|0x000000072e200000, 0x000000072e200000, 0x000000072e400000|  0%| F|  |TAMS 0x000000072e200000| PB 0x000000072e200000| Untracked 
|  96|0x000000072e400000, 0x000000072e400000, 0x000000072e600000|  0%| F|  |TAMS 0x000000072e400000| PB 0x000000072e400000| Untracked 
|  97|0x000000072e600000, 0x000000072e600000, 0x000000072e800000|  0%| F|  |TAMS 0x000000072e600000| PB 0x000000072e600000| Untracked 
|  98|0x000000072e800000, 0x000000072e800000, 0x000000072ea00000|  0%| F|  |TAMS 0x000000072e800000| PB 0x000000072e800000| Untracked 
|  99|0x000000072ea00000, 0x000000072ea00000, 0x000000072ec00000|  0%| F|  |TAMS 0x000000072ea00000| PB 0x000000072ea00000| Untracked 
| 100|0x000000072ec00000, 0x000000072ec00000, 0x000000072ee00000|  0%| F|  |TAMS 0x000000072ec00000| PB 0x000000072ec00000| Untracked 
| 101|0x000000072ee00000, 0x000000072ee00000, 0x000000072f000000|  0%| F|  |TAMS 0x000000072ee00000| PB 0x000000072ee00000| Untracked 
| 102|0x000000072f000000, 0x000000072f000000, 0x000000072f200000|  0%| F|  |TAMS 0x000000072f000000| PB 0x000000072f000000| Untracked 
| 103|0x000000072f200000, 0x000000072f200000, 0x000000072f400000|  0%| F|  |TAMS 0x000000072f200000| PB 0x000000072f200000| Untracked 
| 104|0x000000072f400000, 0x000000072f400000, 0x000000072f600000|  0%| F|  |TAMS 0x000000072f400000| PB 0x000000072f400000| Untracked 
| 105|0x000000072f600000, 0x000000072f7dc7c0, 0x000000072f800000| 93%| E|  |TAMS 0x000000072f600000| PB 0x000000072f600000| Complete 
| 106|0x000000072f800000, 0x000000072fa00000, 0x000000072fa00000|100%| E|CS|TAMS 0x000000072f800000| PB 0x000000072f800000| Complete 
| 107|0x000000072fa00000, 0x000000072fc00000, 0x000000072fc00000|100%| E|CS|TAMS 0x000000072fa00000| PB 0x000000072fa00000| Complete 
| 108|0x000000072fc00000, 0x000000072fe00000, 0x000000072fe00000|100%| E|CS|TAMS 0x000000072fc00000| PB 0x000000072fc00000| Complete 
| 109|0x000000072fe00000, 0x0000000730000000, 0x0000000730000000|100%| E|CS|TAMS 0x000000072fe00000| PB 0x000000072fe00000| Complete 
| 110|0x0000000730000000, 0x0000000730200000, 0x0000000730200000|100%| E|CS|TAMS 0x0000000730000000| PB 0x0000000730000000| Complete 

Card table byte_map: [0x000002329baf0000,0x000002329c1e0000] _byte_map_base: 0x00000232981de000

Marking Bits: (CMBitMap*) 0x0000023281b6b260
 Bits: [0x000002329c1e0000, 0x000002329f950000)

Polling page: 0x0000023281860000

Metaspace:

Usage:
  Non-class:      1.32 MB used.
      Class:    140.23 KB used.
       Both:      1.46 MB used.

Virtual space:
  Non-class space:       64.00 MB reserved,       1.38 MB (  2%) committed,  1 nodes.
      Class space:        1.00 GB reserved,     192.00 KB ( <1%) committed,  1 nodes.
             Both:        1.06 GB reserved,       1.56 MB ( <1%) committed. 

Chunk freelists:
   Non-Class:  11.66 MB
       Class:  15.69 MB
        Both:  27.34 MB

MaxMetaspaceSize: unlimited
CompressedClassSpaceSize: 1.00 GB
Initial GC threshold: 21.00 MB
Current GC threshold: 21.00 MB
CDS: on
 - commit_granule_bytes: 65536.
 - commit_granule_words: 8192.
 - virtual_space_node_default_size: 8388608.
 - enlarge_chunks_in_place: 1.
 - use_allocation_guard: 0.


Internal statistics:

num_allocs_failed_limit: 0.
num_arena_births: 38.
num_arena_deaths: 0.
num_vsnodes_births: 2.
num_vsnodes_deaths: 0.
num_space_committed: 25.
num_space_uncommitted: 0.
num_chunks_returned_to_freelist: 0.
num_chunks_taken_from_freelist: 57.
num_chunk_merges: 0.
num_chunk_splits: 42.
num_chunks_enlarged: 29.
num_inconsistent_stats: 0.

CodeHeap 'non-profiled nmethods': size=120000Kb used=202Kb max_used=202Kb free=119797Kb
 bounds [0x0000023293250000, 0x00000232934c0000, 0x000002329a780000]
CodeHeap 'profiled nmethods': size=120000Kb used=709Kb max_used=709Kb free=119290Kb
 bounds [0x000002328b780000, 0x000002328b9f0000, 0x0000023292cb0000]
CodeHeap 'non-nmethods': size=5760Kb used=1311Kb max_used=1330Kb free=4448Kb
 bounds [0x0000023292cb0000, 0x0000023292f20000, 0x0000023293250000]
 total_blobs=961 nmethods=536 adapters=330
 compilation: enabled
              stopped_count=0, restarted_count=0
 full_count=0

Compilation events (20 events):
Event: 0.156 Thread 0x00000232a289f8c0 nmethod 428 0x0000023293277290 code [0x0000023293277440, 0x0000023293277688]
Event: 0.156 Thread 0x00000232a289f8c0  429       4       java.util.zip.ZipFile$Source::nextEntryPos (22 bytes)
Event: 0.157 Thread 0x00000232a289f8c0 nmethod 429 0x0000023293277890 code [0x0000023293277a20, 0x0000023293277b88]
Event: 0.157 Thread 0x00000232a289f8c0  437       4       jdk.internal.util.Preconditions::checkFromToIndex (24 bytes)
Event: 0.157 Thread 0x00000232a289f8c0 nmethod 437 0x0000023293278310 code [0x00000232932784a0, 0x0000023293278588]
Event: 0.158 Thread 0x00000232a2662250  439       3       java.lang.StringLatin1::lastIndexOf (40 bytes)
Event: 0.158 Thread 0x00000232a2662250 nmethod 439 0x000002328b813310 code [0x000002328b8134e0, 0x000002328b8138d0]
Event: 0.158 Thread 0x00000232a2662250  440       3       java.io.RandomAccessFile::readFully (45 bytes)
Event: 0.158 Thread 0x00000232a2662250 nmethod 440 0x000002328b813a10 code [0x000002328b813be0, 0x000002328b813f40]
Event: 0.158 Thread 0x00000232a2662250  441       3       java.util.Arrays::copyOf (33 bytes)
Event: 0.158 Thread 0x00000232a2662250 nmethod 441 0x000002328b814110 code [0x000002328b814300, 0x000002328b8147f8]
Event: 0.159 Thread 0x00000232a263d660 nmethod 426 0x0000023293278690 code [0x00000232932788c0, 0x00000232932794e8]
Event: 0.160 Thread 0x00000232a2662250  443       3       java.lang.AbstractStringBuilder::newCapacity (59 bytes)
Event: 0.160 Thread 0x00000232a2662250 nmethod 443 0x000002328b814990 code [0x000002328b814b60, 0x000002328b814f48]
Event: 0.161 Thread 0x00000232a2662250  444       3       java.lang.String::startsWith (7 bytes)
Event: 0.161 Thread 0x00000232a2662250 nmethod 444 0x000002328b815110 code [0x000002328b8152c0, 0x000002328b815400]
Event: 0.161 Thread 0x00000232a2662250  445       1       java.net.URL::getProtocol (5 bytes)
Event: 0.161 Thread 0x00000232a2662250 nmethod 445 0x000002329327a110 code [0x000002329327a2a0, 0x000002329327a370]
Event: 0.162 Thread 0x00000232a2662250  446       3       java.util.zip.ZipFile$Source::isMetaName (141 bytes)
Event: 0.162 Thread 0x00000232a2662250 nmethod 446 0x000002328b815490 code [0x000002328b815660, 0x000002328b815b40]

GC Heap History (0 events):
No events

Dll operation events (7 events):
Event: 0.008 Loaded shared library C:\Users\truon\.jdks\openjdk-21.0.2\bin\java.dll
Event: 0.032 Loaded shared library C:\Users\truon\.jdks\openjdk-21.0.2\bin\jsvml.dll
Event: 0.067 Loaded shared library C:\Users\truon\.jdks\openjdk-21.0.2\bin\net.dll
Event: 0.085 Loaded shared library C:\Users\truon\.jdks\openjdk-21.0.2\bin\nio.dll
Event: 0.089 Loaded shared library C:\Users\truon\.jdks\openjdk-21.0.2\bin\zip.dll
Event: 0.144 Loaded shared library C:\Users\truon\.jdks\openjdk-21.0.2\bin\zip.dll
Event: 0.146 Loaded shared library C:\Users\truon\.jdks\openjdk-21.0.2\bin\instrument.dll

Deoptimization events (20 events):
Event: 0.134 Thread 0x00000232818c5cc0 Uncommon trap: trap_request=0xffffff45 fr.pc=0x0000023293264fd4 relative=0x0000000000000214
Event: 0.134 Thread 0x00000232818c5cc0 Uncommon trap: reason=unstable_if action=reinterpret pc=0x0000023293264fd4 method=java.util.ImmutableCollections$SetN.probe(Ljava/lang/Object;)I @ 34 c2
Event: 0.134 Thread 0x00000232818c5cc0 DEOPT PACKING pc=0x0000023293264fd4 sp=0x00000034cc1fefd0
Event: 0.134 Thread 0x00000232818c5cc0 DEOPT UNPACKING pc=0x0000023292d046a2 sp=0x00000034cc1fef60 mode 2
Event: 0.139 Thread 0x00000232818c5cc0 Uncommon trap: trap_request=0xffffff45 fr.pc=0x0000023293263ffc relative=0x000000000000061c
Event: 0.139 Thread 0x00000232818c5cc0 Uncommon trap: reason=unstable_if action=reinterpret pc=0x0000023293263ffc method=java.lang.StringLatin1.newString([BII)Ljava/lang/String; @ 1 c2
Event: 0.139 Thread 0x00000232818c5cc0 DEOPT PACKING pc=0x0000023293263ffc sp=0x00000034cc1fee10
Event: 0.139 Thread 0x00000232818c5cc0 DEOPT UNPACKING pc=0x0000023292d046a2 sp=0x00000034cc1fed70 mode 2
Event: 0.139 Thread 0x00000232818c5cc0 Uncommon trap: trap_request=0xffffff45 fr.pc=0x0000023293263498 relative=0x00000000000004d8
Event: 0.139 Thread 0x00000232818c5cc0 Uncommon trap: reason=unstable_if action=reinterpret pc=0x0000023293263498 method=java.lang.StringLatin1.newString([BII)Ljava/lang/String; @ 1 c2
Event: 0.139 Thread 0x00000232818c5cc0 DEOPT PACKING pc=0x0000023293263498 sp=0x00000034cc1fed90
Event: 0.139 Thread 0x00000232818c5cc0 DEOPT UNPACKING pc=0x0000023292d046a2 sp=0x00000034cc1fed70 mode 2
Event: 0.139 Thread 0x00000232818c5cc0 Uncommon trap: trap_request=0xffffff45 fr.pc=0x000002329326b868 relative=0x0000000000000ce8
Event: 0.139 Thread 0x00000232818c5cc0 Uncommon trap: reason=unstable_if action=reinterpret pc=0x000002329326b868 method=java.util.HashMap.putVal(ILjava/lang/Object;Ljava/lang/Object;ZZ)Ljava/lang/Object; @ 81 c2
Event: 0.139 Thread 0x00000232818c5cc0 DEOPT PACKING pc=0x000002329326b868 sp=0x00000034cc1fefc0
Event: 0.139 Thread 0x00000232818c5cc0 DEOPT UNPACKING pc=0x0000023292d046a2 sp=0x00000034cc1fef70 mode 2
Event: 0.161 Thread 0x00000232818c5cc0 Uncommon trap: trap_request=0xffffff45 fr.pc=0x00000232932775bc relative=0x000000000000017c
Event: 0.161 Thread 0x00000232818c5cc0 Uncommon trap: reason=unstable_if action=reinterpret pc=0x00000232932775bc method=java.util.zip.ZipFile$Source.isMetaName([BII)Z @ 57 c2
Event: 0.162 Thread 0x00000232818c5cc0 DEOPT PACKING pc=0x00000232932775bc sp=0x00000034cc1fe3d0
Event: 0.162 Thread 0x00000232818c5cc0 DEOPT UNPACKING pc=0x0000023292d046a2 sp=0x00000034cc1fe378 mode 2

Classes loaded (20 events):
Event: 0.099 Loading class jdk/internal/module/ModuleInfo$ConstantPool$ValueEntry
Event: 0.099 Loading class jdk/internal/module/ModuleInfo$ConstantPool$ValueEntry done
Event: 0.107 Loading class java/util/WeakHashMap$KeyIterator
Event: 0.107 Loading class java/util/WeakHashMap$HashIterator
Event: 0.107 Loading class java/util/WeakHashMap$HashIterator done
Event: 0.107 Loading class java/util/WeakHashMap$KeyIterator done
Event: 0.133 Loading class jdk/internal/module/ModuleReferenceImpl$CachedHash
Event: 0.134 Loading class jdk/internal/module/ModuleReferenceImpl$CachedHash done
Event: 0.145 Loading class sun/instrument/InstrumentationImpl
Event: 0.145 Loading class java/lang/instrument/Instrumentation
Event: 0.145 Loading class java/lang/instrument/Instrumentation done
Event: 0.145 Loading class sun/instrument/InstrumentationImpl done
Event: 0.146 Loading class sun/instrument/TransformerManager
Event: 0.146 Loading class sun/instrument/TransformerManager done
Event: 0.146 Loading class sun/instrument/TransformerManager$TransformerInfo
Event: 0.146 Loading class sun/instrument/TransformerManager$TransformerInfo done
Event: 0.147 Loading class jdk/internal/loader/URLClassPath$FileLoader
Event: 0.147 Loading class jdk/internal/loader/URLClassPath$FileLoader done
Event: 0.161 Loading class sun/nio/cs/UTF_8$Decoder
Event: 0.161 Loading class sun/nio/cs/UTF_8$Decoder done

Classes unloaded (0 events):
No events

Classes redefined (0 events):
No events

Internal exceptions (1 events):
Event: 0.086 Thread 0x00000232818c5cc0 Exception <a 'sun/nio/fs/WindowsException'{0x000000072fe7d380}> (0x000000072fe7d380) 
thrown [s\open\src\hotspot\share\prims\jni.cpp, line 520]

ZGC Phase Switch (0 events):
No events

VM Operations (4 events):
Event: 0.090 Executing VM operation: HandshakeAllThreads (Deoptimize)
Event: 0.090 Executing VM operation: HandshakeAllThreads (Deoptimize) done
Event: 0.133 Executing VM operation: HandshakeAllThreads (Deoptimize)
Event: 0.133 Executing VM operation: HandshakeAllThreads (Deoptimize) done

Events (12 events):
Event: 0.020 Thread 0x00000232818c5cc0 Thread added: 0x00000232818c5cc0
Event: 0.031 Thread 0x00000232a2624130 Thread added: 0x00000232a2624130
Event: 0.031 Thread 0x00000232a2625050 Thread added: 0x00000232a2625050
Event: 0.031 Thread 0x00000232a262e370 Thread added: 0x00000232a262e370
Event: 0.031 Thread 0x00000232a262f460 Thread added: 0x00000232a262f460
Event: 0.031 Thread 0x00000232a2632670 Thread added: 0x00000232a2632670
Event: 0.031 Thread 0x00000232a26369c0 Thread added: 0x00000232a26369c0
Event: 0.031 Thread 0x00000232a263d660 Thread added: 0x00000232a263d660
Event: 0.031 Thread 0x00000232a2662250 Thread added: 0x00000232a2662250
Event: 0.060 Thread 0x00000232a2857710 Thread added: 0x00000232a2857710
Event: 0.111 Thread 0x00000232a289f210 Thread added: 0x00000232a289f210
Event: 0.111 Thread 0x00000232a289f8c0 Thread added: 0x00000232a289f8c0


Dynamic libraries:
0x00007ff66f820000 - 0x00007ff66f82e000 	C:\Users\truon\.jdks\openjdk-21.0.2\bin\java.exe
0x00007ffe8c930000 - 0x00007ffe8cb47000 	C:\WINDOWS\SYSTEM32\ntdll.dll
0x00007ffe8bbb0000 - 0x00007ffe8bc74000 	C:\WINDOWS\System32\KERNEL32.DLL
0x00007ffe8a0a0000 - 0x00007ffe8a447000 	C:\WINDOWS\System32\KERNELBASE.dll
0x00007ffe89f80000 - 0x00007ffe8a091000 	C:\WINDOWS\System32\ucrtbase.dll
0x00007ffe83650000 - 0x00007ffe83668000 	C:\Users\truon\.jdks\openjdk-21.0.2\bin\jli.dll
0x00007ffe5f440000 - 0x00007ffe5f45b000 	C:\Users\truon\.jdks\openjdk-21.0.2\bin\VCRUNTIME140.dll
0x00007ffe8be90000 - 0x00007ffe8c03e000 	C:\WINDOWS\System32\USER32.dll
0x00007ffe89e30000 - 0x00007ffe89e56000 	C:\WINDOWS\System32\win32u.dll
0x00007ffe8c1b0000 - 0x00007ffe8c1d9000 	C:\WINDOWS\System32\GDI32.dll
0x00007ffe78af0000 - 0x00007ffe78d83000 	C:\WINDOWS\WinSxS\amd64_microsoft.windows.common-controls_6595b64144ccf1df_6.0.22621.3527_none_270e469b73872a76\COMCTL32.dll
0x00007ffe8a450000 - 0x00007ffe8a569000 	C:\WINDOWS\System32\gdi32full.dll
0x00007ffe8c040000 - 0x00007ffe8c0e7000 	C:\WINDOWS\System32\msvcrt.dll
0x00007ffe89ee0000 - 0x00007ffe89f7a000 	C:\WINDOWS\System32\msvcp_win.dll
0x00007ffe8c7d0000 - 0x00007ffe8c801000 	C:\WINDOWS\System32\IMM32.DLL
0x00007ffe85090000 - 0x00007ffe8509c000 	C:\Users\truon\.jdks\openjdk-21.0.2\bin\vcruntime140_1.dll
0x00007ffe5e990000 - 0x00007ffe5ea1e000 	C:\Users\truon\.jdks\openjdk-21.0.2\bin\msvcp140.dll
0x00007ffe38160000 - 0x00007ffe38e77000 	C:\Users\truon\.jdks\openjdk-21.0.2\bin\server\jvm.dll
0x00007ffe8c550000 - 0x00007ffe8c602000 	C:\WINDOWS\System32\ADVAPI32.dll
0x00007ffe8c0f0000 - 0x00007ffe8c198000 	C:\WINDOWS\System32\sechost.dll
0x00007ffe8a630000 - 0x00007ffe8a658000 	C:\WINDOWS\System32\bcrypt.dll
0x00007ffe8bd70000 - 0x00007ffe8be85000 	C:\WINDOWS\System32\RPCRT4.dll
0x00007ffe8bc80000 - 0x00007ffe8bcf1000 	C:\WINDOWS\System32\WS2_32.dll
0x00007ffe88ad0000 - 0x00007ffe88b1d000 	C:\WINDOWS\SYSTEM32\POWRPROF.dll
0x00007ffe7f5a0000 - 0x00007ffe7f5d4000 	C:\WINDOWS\SYSTEM32\WINMM.dll
0x00007ffe83330000 - 0x00007ffe8333a000 	C:\WINDOWS\SYSTEM32\VERSION.dll
0x00007ffe88ab0000 - 0x00007ffe88ac3000 	C:\WINDOWS\SYSTEM32\UMPDC.dll
0x00007ffe88d60000 - 0x00007ffe88d78000 	C:\WINDOWS\SYSTEM32\kernel.appcore.dll
0x00007ffe85000000 - 0x00007ffe8500a000 	C:\Users\truon\.jdks\openjdk-21.0.2\bin\jimage.dll
0x00007ffe87600000 - 0x00007ffe87833000 	C:\WINDOWS\SYSTEM32\DBGHELP.DLL
0x00007ffe8ae30000 - 0x00007ffe8b1b8000 	C:\WINDOWS\System32\combase.dll
0x00007ffe8c810000 - 0x00007ffe8c8e7000 	C:\WINDOWS\System32\OLEAUT32.dll
0x00007ffe743c0000 - 0x00007ffe743f2000 	C:\WINDOWS\SYSTEM32\dbgcore.DLL
0x00007ffe89e60000 - 0x00007ffe89ed9000 	C:\WINDOWS\System32\bcryptPrimitives.dll
0x00007ffe6c020000 - 0x00007ffe6c02f000 	C:\Users\truon\.jdks\openjdk-21.0.2\bin\instrument.dll
0x00007ffe5f420000 - 0x00007ffe5f43f000 	C:\Users\truon\.jdks\openjdk-21.0.2\bin\java.dll
0x00007ffe8b330000 - 0x00007ffe8bb8c000 	C:\WINDOWS\System32\SHELL32.dll
0x00007ffe87ba0000 - 0x00007ffe88496000 	C:\WINDOWS\SYSTEM32\windows.storage.dll
0x00007ffe87a60000 - 0x00007ffe87b9e000 	C:\WINDOWS\SYSTEM32\wintypes.dll
0x00007ffe8b1c0000 - 0x00007ffe8b2b5000 	C:\WINDOWS\System32\SHCORE.dll
0x00007ffe8a790000 - 0x00007ffe8a7ee000 	C:\WINDOWS\System32\shlwapi.dll
0x00007ffe89b80000 - 0x00007ffe89ba1000 	C:\WINDOWS\SYSTEM32\profapi.dll
0x00007ffe5d8d0000 - 0x00007ffe5d9a7000 	C:\Users\truon\.jdks\openjdk-21.0.2\bin\jsvml.dll
0x00007ffe6bda0000 - 0x00007ffe6bdb0000 	C:\Users\truon\.jdks\openjdk-21.0.2\bin\net.dll
0x00007ffe83d30000 - 0x00007ffe83e66000 	C:\WINDOWS\SYSTEM32\WINHTTP.dll
0x00007ffe50d90000 - 0x00007ffe51070000 	C:\Windows\GearUPBooster\lsp64.dll
0x00007ffe89cc0000 - 0x00007ffe89e27000 	C:\WINDOWS\System32\CRYPT32.dll
0x00007ffe88770000 - 0x00007ffe8879d000 	C:\WINDOWS\SYSTEM32\IPHLPAPI.DLL
0x00007ffe891d0000 - 0x00007ffe89239000 	C:\WINDOWS\system32\mswsock.dll
0x00007ffe89c50000 - 0x00007ffe89cbb000 	C:\WINDOWS\System32\WINTRUST.DLL
0x00007ffe89490000 - 0x00007ffe894a2000 	C:\WINDOWS\SYSTEM32\MSASN1.dll
0x00007ffe8a770000 - 0x00007ffe8a78f000 	C:\WINDOWS\System32\imagehlp.dll
0x00007ffe89440000 - 0x00007ffe8945b000 	C:\WINDOWS\SYSTEM32\CRYPTSP.dll
0x00007ffe88cc0000 - 0x00007ffe88cf5000 	C:\WINDOWS\system32\rsaenh.dll
0x00007ffe89430000 - 0x00007ffe8943c000 	C:\WINDOWS\SYSTEM32\CRYPTBASE.dll
0x00007ffe5ef90000 - 0x00007ffe5efa6000 	C:\Users\truon\.jdks\openjdk-21.0.2\bin\nio.dll
0x00007ffe5ee40000 - 0x00007ffe5ee58000 	C:\Users\truon\.jdks\openjdk-21.0.2\bin\zip.dll
0x00007ffe5cfb0000 - 0x00007ffe5cfca000 	C:\Program Files\JetBrains\IntelliJ IDEA Community Edition 2022.3.3\bin\breakgen64.dll
0x00007ffe6b940000 - 0x00007ffe6b949000 	C:\Users\truon\.jdks\openjdk-21.0.2\bin\extnet.dll

dbghelp: loaded successfully - version: 4.0.5 - missing functions: none
symbol engine: initialized successfully - sym options: 0x614 - pdb path: .;C:\Users\truon\.jdks\openjdk-21.0.2\bin;C:\WINDOWS\SYSTEM32;C:\WINDOWS\WinSxS\amd64_microsoft.windows.common-controls_6595b64144ccf1df_6.0.22621.3527_none_270e469b73872a76;C:\Users\truon\.jdks\openjdk-21.0.2\bin\server;C:\Windows\GearUPBooster;C:\Program Files\JetBrains\IntelliJ IDEA Community Edition 2022.3.3\bin

VM Arguments:
jvm_args: --module-path=C:\Java\javafx-sdk-22.0.1\lib --add-modules=javafx.controls,javafx.fxml -javaagent:C:\Program Files\JetBrains\IntelliJ IDEA Community Edition 2022.3.3\lib\idea_rt.jar=63766:C:\Program Files\JetBrains\IntelliJ IDEA Community Edition 2022.3.3\bin -Dfile.encoding=UTF-8 -Dsun.stdout.encoding=UTF-8 -Dsun.stderr.encoding=UTF-8 
java_command: App
java_class_path (initial): C:\Users\truon\Downloads\FP-insurance-claims-management\target\classes;C:\Users\truon\.m2\repository\com\google\code\gson\gson\2.10.1\gson-2.10.1.jar;C:\Users\truon\.m2\repository\commons-io\commons-io\2.15.1\commons-io-2.15.1.jar;C:\Users\truon\.m2\repository\io\github\palexdev\materialfx\11.17.0\materialfx-11.17.0.jar;C:\Users\truon\.m2\repository\io\github\palexdev\mfxcore\11.8.0\mfxcore-11.8.0.jar;C:\Users\truon\.m2\repository\io\github\palexdev\mfxlocalization\11.1.0\mfxlocalization-11.1.0.jar;C:\Users\truon\.m2\repository\org\openjfx\javafx-fxml\21\javafx-fxml-21.jar;C:\Users\truon\.m2\repository\org\openjfx\javafx-fxml\21\javafx-fxml-21-win.jar;C:\Users\truon\.m2\repository\io\github\palexdev\mfxresources\11.9.1\mfxresources-11.9.1.jar;C:\Users\truon\.m2\repository\io\github\palexdev\mfxeffects\11.3.0\mfxeffects-11.3.0.jar;C:\Users\truon\.m2\repository\io\github\palexdev\virtualizedfx\11.9.6\virtualizedfx-11.9.6.jar;C:\Users\truon\.m2\repository\org\postgresql\postgresql\42.7.3\postgresql-42.7.3.jar;C:\Users\truon\.m2\repository\org\checkerframework\checker-qual\3.42.0\checker-qual-3.42.0.jar;C:\Users\truon\.m2\repository\org\openjfx\javafx-controls\22.0.1\javafx-controls-22.0.1.jar;C:\Users\truon\.m2\repository\org\openjfx\javafx-controls\22.0.1\javafx-controls-22.0.1-win.jar;C:\Users\truon\.m2\repository\org\openjfx\javafx-graphics\22.0.1\javafx-graphics-22.0.1.jar;C:\Users\truon\.m2\repository\org\openjfx\javafx-graphics\22.0.1\javafx-graphics-22.0.1-win.jar;C:\Users\truon\.m2\repository\org\openjfx\javafx-base\22.0.1\javafx-base-22.0.1.jar;C:\Users\truon\.m2\repository\org\openjfx\javafx-base\22.0.1\javafx-base-22.0.1-win.jar
Launcher Type: SUN_STANDARD

[Global flags]
     intx CICompilerCount                          = 4                                         {product} {ergonomic}
     uint ConcGCThreads                            = 3                                         {product} {ergonomic}
     uint G1ConcRefinementThreads                  = 10                                        {product} {ergonomic}
   size_t G1HeapRegionSize                         = 2097152                                   {product} {ergonomic}
    uintx GCDrainStackTargetSize                   = 64                                        {product} {ergonomic}
   size_t InitialHeapSize                          = 232783872                                 {product} {ergonomic}
   size_t MarkStackSize                            = 4194304                                   {product} {ergonomic}
   size_t MaxHeapSize                              = 3720347648                                {product} {ergonomic}
   size_t MaxNewSize                               = 2231369728                                {product} {ergonomic}
   size_t MinHeapDeltaBytes                        = 2097152                                   {product} {ergonomic}
   size_t MinHeapSize                              = 8388608                                   {product} {ergonomic}
    uintx NonNMethodCodeHeapSize                   = 5839372                                {pd product} {ergonomic}
    uintx NonProfiledCodeHeapSize                  = 122909434                              {pd product} {ergonomic}
    uintx ProfiledCodeHeapSize                     = 122909434                              {pd product} {ergonomic}
    uintx ReservedCodeCacheSize                    = 251658240                              {pd product} {ergonomic}
     bool SegmentedCodeCache                       = true                                      {product} {ergonomic}
   size_t SoftMaxHeapSize                          = 3720347648                             {manageable} {ergonomic}
     bool UseCompressedOops                        = true                           {product lp64_product} {ergonomic}
     bool UseG1GC                                  = true                                      {product} {ergonomic}
     bool UseLargePagesIndividualAllocation        = false                                  {pd product} {ergonomic}

Logging:
Log output configuration:
 #0: stdout all=warning uptime,level,tags foldmultilines=false
 #1: stderr all=off uptime,level,tags foldmultilines=false

Environment Variables:
JAVA_HOME=C:\Program Files\Java\jdk-21
PATH=C:\Program Files\Common Files\Oracle\Java\javapath;C:\Windows\system32;C:\Windows;C:\Windows\System32\Wbem;C:\Windows\System32\WindowsPowerShell\v1.0\;C:\Windows\System32\OpenSSH\;C:\Program Files\NVIDIA Corporation\NVIDIA NvDLISR;C:\Program Files\Calibre2\;C:\WINDOWS\system32;C:\WINDOWS;C:\WINDOWS\System32\Wbem;C:\WINDOWS\System32\WindowsPowerShell\v1.0\;C:\WINDOWS\System32\OpenSSH\;C:\Program Files (x86)\GnuWin32\bin;C:\Program Files (x86)\Windows Kits\8.1\Windows Performance Toolkit\;C:\mingw64\bin;C:\Program Files (x86)\Windows Kits\10\Windows Performance Toolkit\;C:\msys64\ucrt64\bin;C:\Program Files\Java\jdk-21\bin;C:\Program Files\Microsoft SQL Server\Client SDK\ODBC\170\Tools\Binn\;C:\Program Files (x86)\Microsoft SQL Server\150\Tools\Binn\;C:\Program Files\Microsoft SQL Server\150\Tools\Binn\;C:\Program Files\Microsoft SQL Server\150\DTS\Binn\;C:\Program Files\Git\cmd;C:\Program Files\MySQL\MySQL Shell 8.0\bin\;C:\Users\truon\AppData\Local\Microsoft\WindowsApps;C:\Program Files\JetBrains\IntelliJ IDEA Community Edition 2022.3.3\bin;;C:\msys64\ucrt64\bin;C:\Users\truon\AppData\Local\Programs\Microsoft VS Code\bin;C:\mingw64\bin;C:\Users\truon\AppData\Local\GitHubDesktop\bin;C:\Users\truon\Downloads\apache-maven-3.9.6-bin\apache-maven-3.9.6\bin;
USERNAME=truon
OS=Windows_NT
PROCESSOR_IDENTIFIER=AMD64 Family 25 Model 80 Stepping 0, AuthenticAMD
TMP=C:\Users\truon\AppData\Local\Temp
TEMP=C:\Users\truon\AppData\Local\Temp




Periodic native trim disabled

---------------  S Y S T E M  ---------------

OS:
 Windows 11 , 64 bit Build 22621 (10.0.22621.3527)
OS uptime: 0 days 23:36 hours

CPU: total 12 (initial active 12) (12 cores per cpu, 2 threads per core) family 25 model 80 stepping 0 microcode 0x0, cx8, cmov, fxsr, ht, mmx, 3dnowpref, sse, sse2, sse3, ssse3, sse4a, sse4.1, sse4.2, popcnt, lzcnt, tsc, tscinvbit, avx, avx2, aes, erms, clmul, bmi1, bmi2, adx, sha, fma, vzeroupper, clflush, clflushopt, rdtscp, rdpid, fsrm, f16c, pku, cet_ss
Processor Information for processor 0
  Max Mhz: 3301, Current Mhz: 3301, Mhz Limit: 3301
Processor Information for processor 1
  Max Mhz: 3301, Current Mhz: 2630, Mhz Limit: 3301
Processor Information for processor 2
  Max Mhz: 3301, Current Mhz: 2630, Mhz Limit: 3301
Processor Information for processor 3
  Max Mhz: 3301, Current Mhz: 3301, Mhz Limit: 3301
Processor Information for processor 4
  Max Mhz: 3301, Current Mhz: 3301, Mhz Limit: 3301
Processor Information for processor 5
  Max Mhz: 3301, Current Mhz: 2630, Mhz Limit: 3301
Processor Information for processor 6
  Max Mhz: 3301, Current Mhz: 3301, Mhz Limit: 3301
Processor Information for processor 7
  Max Mhz: 3301, Current Mhz: 2630, Mhz Limit: 3301
Processor Information for processor 8
  Max Mhz: 3301, Current Mhz: 3301, Mhz Limit: 3301
Processor Information for processor 9
  Max Mhz: 3301, Current Mhz: 2630, Mhz Limit: 3301
Processor Information for processor 10
  Max Mhz: 3301, Current Mhz: 3301, Mhz Limit: 3301
Processor Information for processor 11
  Max Mhz: 3301, Current Mhz: 2630, Mhz Limit: 3301

Memory: 4k page, system-wide physical 14188M (814M free)
TotalPageFile size 16236M (AvailPageFile size 5M)
current process WorkingSet (physical memory assigned to process): 65M, peak: 65M
current process commit charge ("private bytes"): 325M, peak: 325M

vm_info: OpenJDK 64-Bit Server VM (21.0.2+13-58) for windows-amd64 JRE (21.0.2+13-58), built on 2024-01-05T18:32:24Z by "mach5one" with MS VC++ 17.1 (VS2022)

END.
