#
# There is insufficient memory for the Java Runtime Environment to continue.
# Native memory allocation (mmap) failed to map 232783872 bytes for G1 virtual space
# Possible reasons:
#   The system is out of physical RAM or swap space
#   The process is running with CompressedOops enabled, and the Java Heap may be blocking the growth of the native heap
# Possible solutions:
#   Reduce memory load on the system
#   Increase physical memory or swap space
#   Check if swap backing store is full
#   Decrease Java heap size (-Xmx/-Xms)
#   Decrease number of Java threads
#   Decrease Java thread stack sizes (-Xss)
#   Set larger code cache with -XX:ReservedCodeCacheSize=
#   JVM is running with Zero Based Compressed Oops mode in which the Java heap is
#     placed in the first 32GB address space. The Java Heap base address is the
#     maximum limit for the native heap growth. Please use -XX:HeapBaseMinAddress
#     to set the Java Heap base and to place the Java Heap above 32GB virtual address.
# This output file may be truncated or incomplete.
#
#  Out of Memory Error (os_windows.cpp:3600), pid=32488, tid=18736
#
# JRE version:  (21.0.2+13) (build )
# Java VM: OpenJDK 64-Bit Server VM (21.0.2+13-58, mixed mode, sharing, tiered, compressed oops, compressed class ptrs, g1 gc, windows-amd64)
# No core dump will be written. Minidumps are not enabled by default on client versions of Windows
#

---------------  S U M M A R Y ------------

Command Line: --module-path=C:\Java\javafx-sdk-22.0.1\lib --add-modules=javafx.controls,javafx.fxml -javaagent:C:\Program Files\JetBrains\IntelliJ IDEA Community Edition 2022.3.3\lib\idea_rt.jar=63764:C:\Program Files\JetBrains\IntelliJ IDEA Community Edition 2022.3.3\bin -Dfile.encoding=UTF-8 -Dsun.stdout.encoding=UTF-8 -Dsun.stderr.encoding=UTF-8 App

Host: AMD Ryzen 5 5600H with Radeon Graphics         , 12 cores, 13G,  Windows 11 , 64 bit Build 22621 (10.0.22621.3527)
Time: Thu May  9 18:11:30 2024 SE Asia Standard Time elapsed time: 0.012282 seconds (0d 0h 0m 0s)

---------------  T H R E A D  ---------------

Current thread (0x0000021ab7c35e10):  JavaThread "Unknown thread" [_thread_in_vm, id=18736, stack(0x0000006b7a600000,0x0000006b7a700000) (1024K)]

Stack: [0x0000006b7a600000,0x0000006b7a700000]
Native frames: (J=compiled Java code, j=interpreted, Vv=VM code, C=native code)
V  [jvm.dll+0x6cade9]
V  [jvm.dll+0x8569c1]
V  [jvm.dll+0x858d2e]
V  [jvm.dll+0x859413]
V  [jvm.dll+0x280e56]
V  [jvm.dll+0x6c74d5]
V  [jvm.dll+0x6bbeca]
V  [jvm.dll+0x355bca]
V  [jvm.dll+0x35d816]
V  [jvm.dll+0x3ae67e]
V  [jvm.dll+0x3ae928]
V  [jvm.dll+0x3295dc]
V  [jvm.dll+0x32a16b]
V  [jvm.dll+0x81efa9]
V  [jvm.dll+0x3bba01]
V  [jvm.dll+0x807928]
V  [jvm.dll+0x44f50e]
V  [jvm.dll+0x450e11]
C  [jli.dll+0x52a3]
C  [ucrtbase.dll+0x29333]
C  [KERNEL32.DLL+0x1257d]
C  [ntdll.dll+0x5aa48]


---------------  P R O C E S S  ---------------

Threads class SMR info:
_java_thread_list=0x00007ffe38d2bb88, length=0, elements={
}

Java Threads: ( => current thread )
Total: 0

Other Threads:
  0x0000021ab9efb1b0 WorkerThread "GC Thread#0"                     [id=5296, stack(0x0000006b7a700000,0x0000006b7a800000) (1024K)]
  0x0000021ab9f0a910 ConcurrentGCThread "G1 Main Marker"            [id=29360, stack(0x0000006b7a800000,0x0000006b7a900000) (1024K)]
  0x0000021ab9f0c3c0 WorkerThread "G1 Conc#0"                       [id=12240, stack(0x0000006b7a900000,0x0000006b7aa00000) (1024K)]

[error occurred during error reporting (printing all threads), id 0xc0000005, EXCEPTION_ACCESS_VIOLATION (0xc0000005) at pc=0x00007ffe3849c6a7]
VM state: not at safepoint (not fully initialized)

VM Mutex/Monitor currently owned by a thread:  ([mutex/lock_event])
[0x00007ffe38d9ce68] Heap_lock - owner thread: 0x0000021ab7c35e10

Heap address: 0x0000000722400000, size: 3548 MB, Compressed Oops mode: Zero based, Oop shift amount: 3

CDS archive(s) mapped at: [0x0000000000000000-0x0000000000000000-0x0000000000000000), size 0, SharedBaseAddress: 0x0000000800000000, ArchiveRelocationMode: 1.
Narrow klass base: 0x0000000000000000, Narrow klass shift: 0, Narrow klass range: 0x0

GC Precious Log:
 CardTable entry size: 512
 Card Set container configuration: InlinePtr #cards 4 size 8 Array Of Cards #cards 16 size 48 Howl #buckets 8 coarsen threshold 3686 Howl Bitmap #cards 512 size 80 coarsen threshold 460 Card regions per heap region 1 cards per card region 4096

Heap:
 garbage-first heap   total 0K, used 0K [0x0000000722400000, 0x0000000800000000)
  region size 2048K, 0 young (0K), 0 survivors (0K)

[error occurred during error reporting (printing heap information), id 0xc0000005, EXCEPTION_ACCESS_VIOLATION (0xc0000005) at pc=0x00007ffe388839f9]
GC Heap History (0 events):
No events

Dll operation events (1 events):
Event: 0.009 Loaded shared library C:\Users\truon\.jdks\openjdk-21.0.2\bin\java.dll

Deoptimization events (0 events):
No events

Classes loaded (0 events):
No events

Classes unloaded (0 events):
No events

Classes redefined (0 events):
No events

Internal exceptions (0 events):
No events

ZGC Phase Switch (0 events):
No events

VM Operations (0 events):
No events

Events (0 events):
No events


Dynamic libraries:
0x00007ff66f820000 - 0x00007ff66f82e000 	C:\Users\truon\.jdks\openjdk-21.0.2\bin\java.exe
0x00007ffe8c930000 - 0x00007ffe8cb47000 	C:\WINDOWS\SYSTEM32\ntdll.dll
0x00007ffe8bbb0000 - 0x00007ffe8bc74000 	C:\WINDOWS\System32\KERNEL32.DLL
0x00007ffe8a0a0000 - 0x00007ffe8a447000 	C:\WINDOWS\System32\KERNELBASE.dll
0x00007ffe89f80000 - 0x00007ffe8a091000 	C:\WINDOWS\System32\ucrtbase.dll
0x00007ffe83650000 - 0x00007ffe83668000 	C:\Users\truon\.jdks\openjdk-21.0.2\bin\jli.dll
0x00007ffe5f440000 - 0x00007ffe5f45b000 	C:\Users\truon\.jdks\openjdk-21.0.2\bin\VCRUNTIME140.dll
0x00007ffe8be90000 - 0x00007ffe8c03e000 	C:\WINDOWS\System32\USER32.dll
0x00007ffe89e30000 - 0x00007ffe89e56000 	C:\WINDOWS\System32\win32u.dll
0x00007ffe78af0000 - 0x00007ffe78d83000 	C:\WINDOWS\WinSxS\amd64_microsoft.windows.common-controls_6595b64144ccf1df_6.0.22621.3527_none_270e469b73872a76\COMCTL32.dll
0x00007ffe8c1b0000 - 0x00007ffe8c1d9000 	C:\WINDOWS\System32\GDI32.dll
0x00007ffe8c040000 - 0x00007ffe8c0e7000 	C:\WINDOWS\System32\msvcrt.dll
0x00007ffe8a450000 - 0x00007ffe8a569000 	C:\WINDOWS\System32\gdi32full.dll
0x00007ffe89ee0000 - 0x00007ffe89f7a000 	C:\WINDOWS\System32\msvcp_win.dll
0x00007ffe8c7d0000 - 0x00007ffe8c801000 	C:\WINDOWS\System32\IMM32.DLL
0x00007ffe85090000 - 0x00007ffe8509c000 	C:\Users\truon\.jdks\openjdk-21.0.2\bin\vcruntime140_1.dll
0x00007ffe5e990000 - 0x00007ffe5ea1e000 	C:\Users\truon\.jdks\openjdk-21.0.2\bin\msvcp140.dll
0x00007ffe38160000 - 0x00007ffe38e77000 	C:\Users\truon\.jdks\openjdk-21.0.2\bin\server\jvm.dll
0x00007ffe8c550000 - 0x00007ffe8c602000 	C:\WINDOWS\System32\ADVAPI32.dll
0x00007ffe8c0f0000 - 0x00007ffe8c198000 	C:\WINDOWS\System32\sechost.dll
0x00007ffe8a630000 - 0x00007ffe8a658000 	C:\WINDOWS\System32\bcrypt.dll
0x00007ffe8bd70000 - 0x00007ffe8be85000 	C:\WINDOWS\System32\RPCRT4.dll
0x00007ffe8bc80000 - 0x00007ffe8bcf1000 	C:\WINDOWS\System32\WS2_32.dll
0x00007ffe88ad0000 - 0x00007ffe88b1d000 	C:\WINDOWS\SYSTEM32\POWRPROF.dll
0x00007ffe7f5a0000 - 0x00007ffe7f5d4000 	C:\WINDOWS\SYSTEM32\WINMM.dll
0x00007ffe83330000 - 0x00007ffe8333a000 	C:\WINDOWS\SYSTEM32\VERSION.dll
0x00007ffe88ab0000 - 0x00007ffe88ac3000 	C:\WINDOWS\SYSTEM32\UMPDC.dll
0x00007ffe88d60000 - 0x00007ffe88d78000 	C:\WINDOWS\SYSTEM32\kernel.appcore.dll
0x00007ffe85000000 - 0x00007ffe8500a000 	C:\Users\truon\.jdks\openjdk-21.0.2\bin\jimage.dll
0x00007ffe87600000 - 0x00007ffe87833000 	C:\WINDOWS\SYSTEM32\DBGHELP.DLL
0x00007ffe8ae30000 - 0x00007ffe8b1b8000 	C:\WINDOWS\System32\combase.dll
0x00007ffe8c810000 - 0x00007ffe8c8e7000 	C:\WINDOWS\System32\OLEAUT32.dll
0x00007ffe743c0000 - 0x00007ffe743f2000 	C:\WINDOWS\SYSTEM32\dbgcore.DLL
0x00007ffe89e60000 - 0x00007ffe89ed9000 	C:\WINDOWS\System32\bcryptPrimitives.dll
0x00007ffe6c020000 - 0x00007ffe6c02f000 	C:\Users\truon\.jdks\openjdk-21.0.2\bin\instrument.dll
0x00007ffe5f420000 - 0x00007ffe5f43f000 	C:\Users\truon\.jdks\openjdk-21.0.2\bin\java.dll

dbghelp: loaded successfully - version: 4.0.5 - missing functions: none
symbol engine: initialized successfully - sym options: 0x614 - pdb path: .;C:\Users\truon\.jdks\openjdk-21.0.2\bin;C:\WINDOWS\SYSTEM32;C:\WINDOWS\WinSxS\amd64_microsoft.windows.common-controls_6595b64144ccf1df_6.0.22621.3527_none_270e469b73872a76;C:\Users\truon\.jdks\openjdk-21.0.2\bin\server

VM Arguments:
jvm_args: --module-path=C:\Java\javafx-sdk-22.0.1\lib --add-modules=javafx.controls,javafx.fxml -javaagent:C:\Program Files\JetBrains\IntelliJ IDEA Community Edition 2022.3.3\lib\idea_rt.jar=63764:C:\Program Files\JetBrains\IntelliJ IDEA Community Edition 2022.3.3\bin -Dfile.encoding=UTF-8 -Dsun.stdout.encoding=UTF-8 -Dsun.stderr.encoding=UTF-8 
java_command: App
java_class_path (initial): C:\Users\truon\Downloads\FP-insurance-claims-management\target\classes;C:\Users\truon\.m2\repository\com\google\code\gson\gson\2.10.1\gson-2.10.1.jar;C:\Users\truon\.m2\repository\commons-io\commons-io\2.15.1\commons-io-2.15.1.jar;C:\Users\truon\.m2\repository\io\github\palexdev\materialfx\11.17.0\materialfx-11.17.0.jar;C:\Users\truon\.m2\repository\io\github\palexdev\mfxcore\11.8.0\mfxcore-11.8.0.jar;C:\Users\truon\.m2\repository\io\github\palexdev\mfxlocalization\11.1.0\mfxlocalization-11.1.0.jar;C:\Users\truon\.m2\repository\org\openjfx\javafx-fxml\21\javafx-fxml-21.jar;C:\Users\truon\.m2\repository\org\openjfx\javafx-fxml\21\javafx-fxml-21-win.jar;C:\Users\truon\.m2\repository\io\github\palexdev\mfxresources\11.9.1\mfxresources-11.9.1.jar;C:\Users\truon\.m2\repository\io\github\palexdev\mfxeffects\11.3.0\mfxeffects-11.3.0.jar;C:\Users\truon\.m2\repository\io\github\palexdev\virtualizedfx\11.9.6\virtualizedfx-11.9.6.jar;C:\Users\truon\.m2\repository\org\postgresql\postgresql\42.7.3\postgresql-42.7.3.jar;C:\Users\truon\.m2\repository\org\checkerframework\checker-qual\3.42.0\checker-qual-3.42.0.jar;C:\Users\truon\.m2\repository\org\openjfx\javafx-controls\22.0.1\javafx-controls-22.0.1.jar;C:\Users\truon\.m2\repository\org\openjfx\javafx-controls\22.0.1\javafx-controls-22.0.1-win.jar;C:\Users\truon\.m2\repository\org\openjfx\javafx-graphics\22.0.1\javafx-graphics-22.0.1.jar;C:\Users\truon\.m2\repository\org\openjfx\javafx-graphics\22.0.1\javafx-graphics-22.0.1-win.jar;C:\Users\truon\.m2\repository\org\openjfx\javafx-base\22.0.1\javafx-base-22.0.1.jar;C:\Users\truon\.m2\repository\org\openjfx\javafx-base\22.0.1\javafx-base-22.0.1-win.jar
Launcher Type: SUN_STANDARD

[Global flags]
     intx CICompilerCount                          = 4                                         {product} {ergonomic}
     uint ConcGCThreads                            = 3                                         {product} {ergonomic}
     uint G1ConcRefinementThreads                  = 10                                        {product} {ergonomic}
   size_t G1HeapRegionSize                         = 2097152                                   {product} {ergonomic}
    uintx GCDrainStackTargetSize                   = 64                                        {product} {ergonomic}
   size_t InitialHeapSize                          = 232783872                                 {product} {ergonomic}
   size_t MarkStackSize                            = 4194304                                   {product} {ergonomic}
   size_t MaxHeapSize                              = 3720347648                                {product} {ergonomic}
   size_t MinHeapDeltaBytes                        = 2097152                                   {product} {ergonomic}
   size_t MinHeapSize                              = 8388608                                   {product} {ergonomic}
    uintx NonNMethodCodeHeapSize                   = 5839372                                {pd product} {ergonomic}
    uintx NonProfiledCodeHeapSize                  = 122909434                              {pd product} {ergonomic}
    uintx ProfiledCodeHeapSize                     = 122909434                              {pd product} {ergonomic}
    uintx ReservedCodeCacheSize                    = 251658240                              {pd product} {ergonomic}
     bool SegmentedCodeCache                       = true                                      {product} {ergonomic}
   size_t SoftMaxHeapSize                          = 3720347648                             {manageable} {ergonomic}
     bool UseCompressedOops                        = true                           {product lp64_product} {ergonomic}
     bool UseG1GC                                  = true                                      {product} {ergonomic}
     bool UseLargePagesIndividualAllocation        = false                                  {pd product} {ergonomic}

Logging:
Log output configuration:
 #0: stdout all=warning uptime,level,tags foldmultilines=false
 #1: stderr all=off uptime,level,tags foldmultilines=false

Environment Variables:
JAVA_HOME=C:\Program Files\Java\jdk-21
PATH=C:\Program Files\Common Files\Oracle\Java\javapath;C:\Windows\system32;C:\Windows;C:\Windows\System32\Wbem;C:\Windows\System32\WindowsPowerShell\v1.0\;C:\Windows\System32\OpenSSH\;C:\Program Files\NVIDIA Corporation\NVIDIA NvDLISR;C:\Program Files\Calibre2\;C:\WINDOWS\system32;C:\WINDOWS;C:\WINDOWS\System32\Wbem;C:\WINDOWS\System32\WindowsPowerShell\v1.0\;C:\WINDOWS\System32\OpenSSH\;C:\Program Files (x86)\GnuWin32\bin;C:\Program Files (x86)\Windows Kits\8.1\Windows Performance Toolkit\;C:\mingw64\bin;C:\Program Files (x86)\Windows Kits\10\Windows Performance Toolkit\;C:\msys64\ucrt64\bin;C:\Program Files\Java\jdk-21\bin;C:\Program Files\Microsoft SQL Server\Client SDK\ODBC\170\Tools\Binn\;C:\Program Files (x86)\Microsoft SQL Server\150\Tools\Binn\;C:\Program Files\Microsoft SQL Server\150\Tools\Binn\;C:\Program Files\Microsoft SQL Server\150\DTS\Binn\;C:\Program Files\Git\cmd;C:\Program Files\MySQL\MySQL Shell 8.0\bin\;C:\Users\truon\AppData\Local\Microsoft\WindowsApps;C:\Program Files\JetBrains\IntelliJ IDEA Community Edition 2022.3.3\bin;;C:\msys64\ucrt64\bin;C:\Users\truon\AppData\Local\Programs\Microsoft VS Code\bin;C:\mingw64\bin;C:\Users\truon\AppData\Local\GitHubDesktop\bin;C:\Users\truon\Downloads\apache-maven-3.9.6-bin\apache-maven-3.9.6\bin;
USERNAME=truon
OS=Windows_NT
PROCESSOR_IDENTIFIER=AMD64 Family 25 Model 80 Stepping 0, AuthenticAMD
TMP=C:\Users\truon\AppData\Local\Temp
TEMP=C:\Users\truon\AppData\Local\Temp




Periodic native trim disabled

---------------  S Y S T E M  ---------------

OS:
 Windows 11 , 64 bit Build 22621 (10.0.22621.3527)
OS uptime: 0 days 23:36 hours

CPU: total 12 (initial active 12) (12 cores per cpu, 2 threads per core) family 25 model 80 stepping 0 microcode 0x0, cx8, cmov, fxsr, ht, mmx, 3dnowpref, sse, sse2, sse3, ssse3, sse4a, sse4.1, sse4.2, popcnt, lzcnt, tsc, tscinvbit, avx, avx2, aes, erms, clmul, bmi1, bmi2, adx, sha, fma, vzeroupper, clflush, clflushopt, rdtscp, rdpid, fsrm, f16c, pku, cet_ss
Processor Information for processor 0
  Max Mhz: 3301, Current Mhz: 3301, Mhz Limit: 3301
Processor Information for processor 1
  Max Mhz: 3301, Current Mhz: 3301, Mhz Limit: 3301
Processor Information for processor 2
  Max Mhz: 3301, Current Mhz: 3301, Mhz Limit: 3301
Processor Information for processor 3
  Max Mhz: 3301, Current Mhz: 3301, Mhz Limit: 3301
Processor Information for processor 4
  Max Mhz: 3301, Current Mhz: 2630, Mhz Limit: 3301
Processor Information for processor 5
  Max Mhz: 3301, Current Mhz: 3301, Mhz Limit: 3301
Processor Information for processor 6
  Max Mhz: 3301, Current Mhz: 2630, Mhz Limit: 3301
Processor Information for processor 7
  Max Mhz: 3301, Current Mhz: 3301, Mhz Limit: 3301
Processor Information for processor 8
  Max Mhz: 3301, Current Mhz: 2630, Mhz Limit: 3301
Processor Information for processor 9
  Max Mhz: 3301, Current Mhz: 3301, Mhz Limit: 3301
Processor Information for processor 10
  Max Mhz: 3301, Current Mhz: 3301, Mhz Limit: 3301
Processor Information for processor 11
  Max Mhz: 3301, Current Mhz: 2630, Mhz Limit: 3301

Memory: 4k page, system-wide physical 14188M (857M free)
TotalPageFile size 16236M (AvailPageFile size 244M)
current process WorkingSet (physical memory assigned to process): 11M, peak: 11M
current process commit charge ("private bytes"): 64M, peak: 286M

vm_info: OpenJDK 64-Bit Server VM (21.0.2+13-58) for windows-amd64 JRE (21.0.2+13-58), built on 2024-01-05T18:32:24Z by "mach5one" with MS VC++ 17.1 (VS2022)

END.
